2018-03-12 08:31:59,570 ERROR (LoggingApplicationListener.java:365)- Cannot set level: true for 'com.jd.cardapp.dao'
2018-03-12 08:31:59,654 INFO (StartupInfoLogger.java:48)- Starting CardAppApplication on PC-20171205FOMO with PID 3732 (E:\Project\Intellij1\cardapp\target\classes started by Administrator in E:\Project\Intellij1\cardapp)
2018-03-12 08:31:59,654 INFO (SpringApplication.java:593)- No active profile set, falling back to default profiles: default
2018-03-12 08:31:59,893 INFO (Version.java:30)- HV000001: Hibernate Validator 5.3.6.Final
2018-03-12 08:32:02,137 INFO (DirectJDKLog.java:180)- Starting service [Tomcat]
2018-03-12 08:32:02,138 INFO (DirectJDKLog.java:180)- Starting Servlet Engine: Apache Tomcat/8.5.27
2018-03-12 08:32:02,227 INFO (DirectJDKLog.java:180)- Initializing Spring embedded WebApplicationContext
2018-03-12 08:32:04,596 INFO (DirectJDKLog.java:180)- Initializing ProtocolHandler ["http-nio-8080"]
2018-03-12 08:32:04,604 INFO (DirectJDKLog.java:180)- Starting ProtocolHandler ["http-nio-8080"]
2018-03-12 08:32:04,616 INFO (DirectJDKLog.java:180)- Using a shared selector for servlet write/read
2018-03-12 08:32:04,645 INFO (StartupInfoLogger.java:57)- Started CardAppApplication in 5.417 seconds (JVM running for 7.504)
2018-03-12 08:34:02,139 INFO (DirectJDKLog.java:180)- A cookie header was received [1519952901,1520037256,1520211902] that contained an invalid cookie. That cookie will be ignored.Note: further occurrences of this error will be logged at DEBUG level.
2018-03-12 08:34:02,146 INFO (DirectJDKLog.java:180)- Initializing Spring FrameworkServlet 'dispatcherServlet'
2018-03-12 08:34:02,251 INFO (TemplateEngine.java:825)- [THYMELEAF] INITIALIZING TEMPLATE ENGINE
2018-03-12 08:34:02,290 INFO (AbstractTemplateResolver.java:99)- [THYMELEAF] INITIALIZING TEMPLATE RESOLVER: org.thymeleaf.spring4.templateresolver.SpringResourceTemplateResolver
2018-03-12 08:34:02,290 INFO (AbstractTemplateResolver.java:110)- [THYMELEAF] TEMPLATE RESOLVER INITIALIZED OK
2018-03-12 08:34:02,290 INFO (AbstractMessageResolver.java:72)- [THYMELEAF] INITIALIZING MESSAGE RESOLVER: org.thymeleaf.spring4.messageresolver.SpringMessageResolver
2018-03-12 08:34:02,291 INFO (AbstractMessageResolver.java:78)- [THYMELEAF] MESSAGE RESOLVER INITIALIZED OK
2018-03-12 08:34:02,294 INFO (ConfigurationPrinterHelper.java:123)- [THYMELEAF] TEMPLATE ENGINE CONFIGURATION:
[THYMELEAF] * Cache Factory implementation: org.thymeleaf.cache.StandardCacheManager
[THYMELEAF] * Template modes:
[THYMELEAF]     * XHTML
[THYMELEAF]     * LEGACYHTML5
[THYMELEAF]     * VALIDXML
[THYMELEAF]     * XML
[THYMELEAF]     * HTML5
[THYMELEAF]     * VALIDXHTML
[THYMELEAF] * Template resolvers (in order):
[THYMELEAF]     * org.thymeleaf.spring4.templateresolver.SpringResourceTemplateResolver
[THYMELEAF] * Message resolvers (in order):
[THYMELEAF]     * org.thymeleaf.spring4.messageresolver.SpringMessageResolver
[THYMELEAF] * Dialect [1 of 2]: org.thymeleaf.spring4.dialect.SpringStandardDialect
[THYMELEAF]     * Prefix: "th"
[THYMELEAF] * Dialect [2 of 2]: nz.net.ultraq.thymeleaf.LayoutDialect
[THYMELEAF]     * Prefix: "layout"
[THYMELEAF] TEMPLATE ENGINE CONFIGURED OK
2018-03-12 08:34:02,294 INFO (TemplateEngine.java:838)- [THYMELEAF] TEMPLATE ENGINE INITIALIZED
2018-03-12 08:34:44,560 INFO (UserAspect.java:57)- -------------用户没有登录-------------
2018-03-12 08:41:22,504 ERROR (LoggingApplicationListener.java:365)- Cannot set level: true for 'com.jd.cardapp.dao'
2018-03-12 08:41:22,578 INFO (StartupInfoLogger.java:48)- Starting CardAppApplication on PC-20171205FOMO with PID 6544 (E:\Project\Intellij1\cardapp\target\classes started by Administrator in E:\Project\Intellij1\cardapp)
2018-03-12 08:41:22,578 INFO (SpringApplication.java:593)- No active profile set, falling back to default profiles: default
2018-03-12 08:41:22,756 INFO (Version.java:30)- HV000001: Hibernate Validator 5.3.6.Final
2018-03-12 08:41:24,182 INFO (DirectJDKLog.java:180)- Starting service [Tomcat]
2018-03-12 08:41:24,183 INFO (DirectJDKLog.java:180)- Starting Servlet Engine: Apache Tomcat/8.5.27
2018-03-12 08:41:24,257 INFO (DirectJDKLog.java:180)- Initializing Spring embedded WebApplicationContext
2018-03-12 08:41:26,283 INFO (DirectJDKLog.java:180)- Initializing ProtocolHandler ["http-nio-8080"]
2018-03-12 08:41:26,293 INFO (DirectJDKLog.java:180)- Starting ProtocolHandler ["http-nio-8080"]
2018-03-12 08:41:26,304 INFO (DirectJDKLog.java:180)- Using a shared selector for servlet write/read
2018-03-12 08:41:26,324 INFO (StartupInfoLogger.java:57)- Started CardAppApplication in 4.31 seconds (JVM running for 6.224)
2018-03-12 08:41:28,704 INFO (DirectJDKLog.java:180)- A cookie header was received [1519952901,1520037256,1520211902; JSESSIONID=B3E0777E9FA537F55DC3C4F14B9B1059] that contained an invalid cookie. That cookie will be ignored.Note: further occurrences of this error will be logged at DEBUG level.
2018-03-12 08:41:28,711 INFO (DirectJDKLog.java:180)- Initializing Spring FrameworkServlet 'dispatcherServlet'
2018-03-12 08:41:28,772 INFO (TemplateEngine.java:825)- [THYMELEAF] INITIALIZING TEMPLATE ENGINE
2018-03-12 08:41:28,801 INFO (AbstractTemplateResolver.java:99)- [THYMELEAF] INITIALIZING TEMPLATE RESOLVER: org.thymeleaf.spring4.templateresolver.SpringResourceTemplateResolver
2018-03-12 08:41:28,802 INFO (AbstractTemplateResolver.java:110)- [THYMELEAF] TEMPLATE RESOLVER INITIALIZED OK
2018-03-12 08:41:28,802 INFO (AbstractMessageResolver.java:72)- [THYMELEAF] INITIALIZING MESSAGE RESOLVER: org.thymeleaf.spring4.messageresolver.SpringMessageResolver
2018-03-12 08:41:28,802 INFO (AbstractMessageResolver.java:78)- [THYMELEAF] MESSAGE RESOLVER INITIALIZED OK
2018-03-12 08:41:28,805 INFO (ConfigurationPrinterHelper.java:123)- [THYMELEAF] TEMPLATE ENGINE CONFIGURATION:
[THYMELEAF] * Cache Factory implementation: org.thymeleaf.cache.StandardCacheManager
[THYMELEAF] * Template modes:
[THYMELEAF]     * HTML5
[THYMELEAF]     * XML
[THYMELEAF]     * LEGACYHTML5
[THYMELEAF]     * VALIDXML
[THYMELEAF]     * XHTML
[THYMELEAF]     * VALIDXHTML
[THYMELEAF] * Template resolvers (in order):
[THYMELEAF]     * org.thymeleaf.spring4.templateresolver.SpringResourceTemplateResolver
[THYMELEAF] * Message resolvers (in order):
[THYMELEAF]     * org.thymeleaf.spring4.messageresolver.SpringMessageResolver
[THYMELEAF] * Dialect [1 of 2]: org.thymeleaf.spring4.dialect.SpringStandardDialect
[THYMELEAF]     * Prefix: "th"
[THYMELEAF] * Dialect [2 of 2]: nz.net.ultraq.thymeleaf.LayoutDialect
[THYMELEAF]     * Prefix: "layout"
[THYMELEAF] TEMPLATE ENGINE CONFIGURED OK
2018-03-12 08:41:28,805 INFO (TemplateEngine.java:838)- [THYMELEAF] TEMPLATE ENGINE INITIALIZED
2018-03-12 08:42:31,028 ERROR (LoggingApplicationListener.java:365)- Cannot set level: true for 'com.jd.cardapp.dao'
2018-03-12 08:42:31,106 INFO (StartupInfoLogger.java:48)- Starting CardAppApplication on PC-20171205FOMO with PID 6364 (E:\Project\Intellij1\cardapp\target\classes started by Administrator in E:\Project\Intellij1\cardapp)
2018-03-12 08:42:31,107 INFO (SpringApplication.java:593)- No active profile set, falling back to default profiles: default
2018-03-12 08:42:31,262 INFO (Version.java:30)- HV000001: Hibernate Validator 5.3.6.Final
2018-03-12 08:42:32,811 INFO (DirectJDKLog.java:180)- Starting service [Tomcat]
2018-03-12 08:42:32,811 INFO (DirectJDKLog.java:180)- Starting Servlet Engine: Apache Tomcat/8.5.27
2018-03-12 08:42:32,898 INFO (DirectJDKLog.java:180)- Initializing Spring embedded WebApplicationContext
2018-03-12 08:42:34,846 INFO (DirectJDKLog.java:180)- Initializing ProtocolHandler ["http-nio-8080"]
2018-03-12 08:42:34,855 INFO (DirectJDKLog.java:180)- Starting ProtocolHandler ["http-nio-8080"]
2018-03-12 08:42:34,865 INFO (DirectJDKLog.java:180)- Using a shared selector for servlet write/read
2018-03-12 08:42:34,884 INFO (StartupInfoLogger.java:57)- Started CardAppApplication in 4.328 seconds (JVM running for 5.659)
2018-03-12 08:42:36,993 INFO (DirectJDKLog.java:180)- A cookie header was received [1519952901,1520037256,1520211902; JSESSIONID=B3E0777E9FA537F55DC3C4F14B9B1059] that contained an invalid cookie. That cookie will be ignored.Note: further occurrences of this error will be logged at DEBUG level.
2018-03-12 08:42:36,999 INFO (DirectJDKLog.java:180)- Initializing Spring FrameworkServlet 'dispatcherServlet'
2018-03-12 08:42:37,060 INFO (TemplateEngine.java:825)- [THYMELEAF] INITIALIZING TEMPLATE ENGINE
2018-03-12 08:42:37,092 INFO (AbstractTemplateResolver.java:99)- [THYMELEAF] INITIALIZING TEMPLATE RESOLVER: org.thymeleaf.spring4.templateresolver.SpringResourceTemplateResolver
2018-03-12 08:42:37,092 INFO (AbstractTemplateResolver.java:110)- [THYMELEAF] TEMPLATE RESOLVER INITIALIZED OK
2018-03-12 08:42:37,093 INFO (AbstractMessageResolver.java:72)- [THYMELEAF] INITIALIZING MESSAGE RESOLVER: org.thymeleaf.spring4.messageresolver.SpringMessageResolver
2018-03-12 08:42:37,093 INFO (AbstractMessageResolver.java:78)- [THYMELEAF] MESSAGE RESOLVER INITIALIZED OK
2018-03-12 08:42:37,096 INFO (ConfigurationPrinterHelper.java:123)- [THYMELEAF] TEMPLATE ENGINE CONFIGURATION:
[THYMELEAF] * Cache Factory implementation: org.thymeleaf.cache.StandardCacheManager
[THYMELEAF] * Template modes:
[THYMELEAF]     * LEGACYHTML5
[THYMELEAF]     * VALIDXHTML
[THYMELEAF]     * VALIDXML
[THYMELEAF]     * XML
[THYMELEAF]     * XHTML
[THYMELEAF]     * HTML5
[THYMELEAF] * Template resolvers (in order):
[THYMELEAF]     * org.thymeleaf.spring4.templateresolver.SpringResourceTemplateResolver
[THYMELEAF] * Message resolvers (in order):
[THYMELEAF]     * org.thymeleaf.spring4.messageresolver.SpringMessageResolver
[THYMELEAF] * Dialect [1 of 2]: org.thymeleaf.spring4.dialect.SpringStandardDialect
[THYMELEAF]     * Prefix: "th"
[THYMELEAF] * Dialect [2 of 2]: nz.net.ultraq.thymeleaf.LayoutDialect
[THYMELEAF]     * Prefix: "layout"
[THYMELEAF] TEMPLATE ENGINE CONFIGURED OK
2018-03-12 08:42:37,097 INFO (TemplateEngine.java:838)- [THYMELEAF] TEMPLATE ENGINE INITIALIZED
2018-03-12 08:43:04,844 ERROR (LoggingApplicationListener.java:365)- Cannot set level: true for 'com.jd.cardapp.dao'
2018-03-12 08:43:04,894 INFO (StartupInfoLogger.java:48)- Starting CardAppApplication on PC-20171205FOMO with PID 4948 (E:\Project\Intellij1\cardapp\target\classes started by Administrator in E:\Project\Intellij1\cardapp)
2018-03-12 08:43:04,895 INFO (SpringApplication.java:593)- No active profile set, falling back to default profiles: default
2018-03-12 08:43:05,000 INFO (Version.java:30)- HV000001: Hibernate Validator 5.3.6.Final
2018-03-12 08:43:06,453 INFO (DirectJDKLog.java:180)- Starting service [Tomcat]
2018-03-12 08:43:06,454 INFO (DirectJDKLog.java:180)- Starting Servlet Engine: Apache Tomcat/8.5.27
2018-03-12 08:43:06,522 INFO (DirectJDKLog.java:180)- Initializing Spring embedded WebApplicationContext
2018-03-12 08:43:08,532 INFO (DirectJDKLog.java:180)- Initializing ProtocolHandler ["http-nio-8080"]
2018-03-12 08:43:08,543 INFO (DirectJDKLog.java:180)- Starting ProtocolHandler ["http-nio-8080"]
2018-03-12 08:43:08,552 INFO (DirectJDKLog.java:180)- Using a shared selector for servlet write/read
2018-03-12 08:43:08,572 INFO (StartupInfoLogger.java:57)- Started CardAppApplication in 4.124 seconds (JVM running for 5.932)
2018-03-12 08:43:12,885 INFO (DirectJDKLog.java:180)- A cookie header was received [1519952901,1520037256,1520211902; JSESSIONID=B3E0777E9FA537F55DC3C4F14B9B1059] that contained an invalid cookie. That cookie will be ignored.Note: further occurrences of this error will be logged at DEBUG level.
2018-03-12 08:43:12,891 INFO (DirectJDKLog.java:180)- Initializing Spring FrameworkServlet 'dispatcherServlet'
2018-03-12 08:43:12,954 INFO (TemplateEngine.java:825)- [THYMELEAF] INITIALIZING TEMPLATE ENGINE
2018-03-12 08:43:12,984 INFO (AbstractTemplateResolver.java:99)- [THYMELEAF] INITIALIZING TEMPLATE RESOLVER: org.thymeleaf.spring4.templateresolver.SpringResourceTemplateResolver
2018-03-12 08:43:12,984 INFO (AbstractTemplateResolver.java:110)- [THYMELEAF] TEMPLATE RESOLVER INITIALIZED OK
2018-03-12 08:43:12,984 INFO (AbstractMessageResolver.java:72)- [THYMELEAF] INITIALIZING MESSAGE RESOLVER: org.thymeleaf.spring4.messageresolver.SpringMessageResolver
2018-03-12 08:43:12,984 INFO (AbstractMessageResolver.java:78)- [THYMELEAF] MESSAGE RESOLVER INITIALIZED OK
2018-03-12 08:43:12,987 INFO (ConfigurationPrinterHelper.java:123)- [THYMELEAF] TEMPLATE ENGINE CONFIGURATION:
[THYMELEAF] * Cache Factory implementation: org.thymeleaf.cache.StandardCacheManager
[THYMELEAF] * Template modes:
[THYMELEAF]     * VALIDXHTML
[THYMELEAF]     * LEGACYHTML5
[THYMELEAF]     * VALIDXML
[THYMELEAF]     * XML
[THYMELEAF]     * XHTML
[THYMELEAF]     * HTML5
[THYMELEAF] * Template resolvers (in order):
[THYMELEAF]     * org.thymeleaf.spring4.templateresolver.SpringResourceTemplateResolver
[THYMELEAF] * Message resolvers (in order):
[THYMELEAF]     * org.thymeleaf.spring4.messageresolver.SpringMessageResolver
[THYMELEAF] * Dialect [1 of 2]: org.thymeleaf.spring4.dialect.SpringStandardDialect
[THYMELEAF]     * Prefix: "th"
[THYMELEAF] * Dialect [2 of 2]: nz.net.ultraq.thymeleaf.LayoutDialect
[THYMELEAF]     * Prefix: "layout"
[THYMELEAF] TEMPLATE ENGINE CONFIGURED OK
2018-03-12 08:43:12,988 INFO (TemplateEngine.java:838)- [THYMELEAF] TEMPLATE ENGINE INITIALIZED
2018-03-12 09:35:16,370 ERROR (LoggingApplicationListener.java:365)- Cannot set level: true for 'com.jd.cardapp.dao'
2018-03-12 09:35:16,432 INFO (StartupInfoLogger.java:48)- Starting CardAppApplication on PC-20171205FOMO with PID 1916 (E:\Project\Intellij1\cardapp\target\classes started by Administrator in E:\Project\Intellij1\cardapp)
2018-03-12 09:35:16,432 INFO (SpringApplication.java:593)- No active profile set, falling back to default profiles: default
2018-03-12 09:35:16,610 INFO (Version.java:30)- HV000001: Hibernate Validator 5.3.6.Final
2018-03-12 09:35:18,959 INFO (DirectJDKLog.java:180)- Starting service [Tomcat]
2018-03-12 09:35:18,962 INFO (DirectJDKLog.java:180)- Starting Servlet Engine: Apache Tomcat/8.5.27
2018-03-12 09:35:19,068 INFO (DirectJDKLog.java:180)- Initializing Spring embedded WebApplicationContext
2018-03-12 09:35:21,242 INFO (DirectJDKLog.java:180)- Initializing ProtocolHandler ["http-nio-8080"]
2018-03-12 09:35:21,251 INFO (DirectJDKLog.java:180)- Starting ProtocolHandler ["http-nio-8080"]
2018-03-12 09:35:21,260 INFO (DirectJDKLog.java:180)- Using a shared selector for servlet write/read
2018-03-12 09:35:21,277 INFO (StartupInfoLogger.java:57)- Started CardAppApplication in 5.389 seconds (JVM running for 6.317)
2018-03-12 09:35:21,343 INFO (DirectJDKLog.java:180)- A cookie header was received [1519952901,1520037256,1520211902; JSESSIONID=B3E0777E9FA537F55DC3C4F14B9B1059] that contained an invalid cookie. That cookie will be ignored.Note: further occurrences of this error will be logged at DEBUG level.
2018-03-12 09:35:21,350 INFO (DirectJDKLog.java:180)- Initializing Spring FrameworkServlet 'dispatcherServlet'
2018-03-12 09:35:21,415 INFO (TemplateEngine.java:825)- [THYMELEAF] INITIALIZING TEMPLATE ENGINE
2018-03-12 09:35:21,446 INFO (AbstractTemplateResolver.java:99)- [THYMELEAF] INITIALIZING TEMPLATE RESOLVER: org.thymeleaf.spring4.templateresolver.SpringResourceTemplateResolver
2018-03-12 09:35:21,446 INFO (AbstractTemplateResolver.java:110)- [THYMELEAF] TEMPLATE RESOLVER INITIALIZED OK
2018-03-12 09:35:21,446 INFO (AbstractMessageResolver.java:72)- [THYMELEAF] INITIALIZING MESSAGE RESOLVER: org.thymeleaf.spring4.messageresolver.SpringMessageResolver
2018-03-12 09:35:21,446 INFO (AbstractMessageResolver.java:78)- [THYMELEAF] MESSAGE RESOLVER INITIALIZED OK
2018-03-12 09:35:21,450 INFO (ConfigurationPrinterHelper.java:123)- [THYMELEAF] TEMPLATE ENGINE CONFIGURATION:
[THYMELEAF] * Cache Factory implementation: org.thymeleaf.cache.StandardCacheManager
[THYMELEAF] * Template modes:
[THYMELEAF]     * VALIDXML
[THYMELEAF]     * VALIDXHTML
[THYMELEAF]     * HTML5
[THYMELEAF]     * XML
[THYMELEAF]     * LEGACYHTML5
[THYMELEAF]     * XHTML
[THYMELEAF] * Template resolvers (in order):
[THYMELEAF]     * org.thymeleaf.spring4.templateresolver.SpringResourceTemplateResolver
[THYMELEAF] * Message resolvers (in order):
[THYMELEAF]     * org.thymeleaf.spring4.messageresolver.SpringMessageResolver
[THYMELEAF] * Dialect [1 of 2]: org.thymeleaf.spring4.dialect.SpringStandardDialect
[THYMELEAF]     * Prefix: "th"
[THYMELEAF] * Dialect [2 of 2]: nz.net.ultraq.thymeleaf.LayoutDialect
[THYMELEAF]     * Prefix: "layout"
[THYMELEAF] TEMPLATE ENGINE CONFIGURED OK
2018-03-12 09:35:21,450 INFO (TemplateEngine.java:838)- [THYMELEAF] TEMPLATE ENGINE INITIALIZED
2018-03-12 10:52:40,106 ERROR (LoggingApplicationListener.java:365)- Cannot set level: true for 'com.jd.cardapp.dao'
2018-03-12 10:52:40,161 INFO (StartupInfoLogger.java:48)- Starting CardAppApplication on PC-20171205FOMO with PID 5484 (E:\Project\Intellij1\cardapp\target\classes started by Administrator in E:\Project\Intellij1\cardapp)
2018-03-12 10:52:40,162 INFO (SpringApplication.java:593)- No active profile set, falling back to default profiles: default
2018-03-12 10:52:40,300 INFO (Version.java:30)- HV000001: Hibernate Validator 5.3.6.Final
2018-03-12 10:52:42,441 INFO (DirectJDKLog.java:180)- Starting service [Tomcat]
2018-03-12 10:52:42,443 INFO (DirectJDKLog.java:180)- Starting Servlet Engine: Apache Tomcat/8.5.27
2018-03-12 10:52:42,527 INFO (DirectJDKLog.java:180)- Initializing Spring embedded WebApplicationContext
2018-03-12 10:52:44,653 INFO (DirectJDKLog.java:180)- Initializing ProtocolHandler ["http-nio-8080"]
2018-03-12 10:52:44,662 INFO (DirectJDKLog.java:180)- Starting ProtocolHandler ["http-nio-8080"]
2018-03-12 10:52:44,671 INFO (DirectJDKLog.java:180)- Using a shared selector for servlet write/read
2018-03-12 10:52:44,689 INFO (StartupInfoLogger.java:57)- Started CardAppApplication in 4.891 seconds (JVM running for 5.876)
2018-03-12 10:52:58,603 INFO (DirectJDKLog.java:180)- A cookie header was received [1519952901,1520037256,1520211902; JSESSIONID=B3E0777E9FA537F55DC3C4F14B9B1059] that contained an invalid cookie. That cookie will be ignored.Note: further occurrences of this error will be logged at DEBUG level.
2018-03-12 10:52:58,611 INFO (DirectJDKLog.java:180)- Initializing Spring FrameworkServlet 'dispatcherServlet'
2018-03-12 10:52:58,672 INFO (TemplateEngine.java:825)- [THYMELEAF] INITIALIZING TEMPLATE ENGINE
2018-03-12 10:52:58,698 INFO (AbstractTemplateResolver.java:99)- [THYMELEAF] INITIALIZING TEMPLATE RESOLVER: org.thymeleaf.spring4.templateresolver.SpringResourceTemplateResolver
2018-03-12 10:52:58,698 INFO (AbstractTemplateResolver.java:110)- [THYMELEAF] TEMPLATE RESOLVER INITIALIZED OK
2018-03-12 10:52:58,699 INFO (AbstractMessageResolver.java:72)- [THYMELEAF] INITIALIZING MESSAGE RESOLVER: org.thymeleaf.spring4.messageresolver.SpringMessageResolver
2018-03-12 10:52:58,699 INFO (AbstractMessageResolver.java:78)- [THYMELEAF] MESSAGE RESOLVER INITIALIZED OK
2018-03-12 10:52:58,702 INFO (ConfigurationPrinterHelper.java:123)- [THYMELEAF] TEMPLATE ENGINE CONFIGURATION:
[THYMELEAF] * Cache Factory implementation: org.thymeleaf.cache.StandardCacheManager
[THYMELEAF] * Template modes:
[THYMELEAF]     * VALIDXML
[THYMELEAF]     * VALIDXHTML
[THYMELEAF]     * XML
[THYMELEAF]     * LEGACYHTML5
[THYMELEAF]     * XHTML
[THYMELEAF]     * HTML5
[THYMELEAF] * Template resolvers (in order):
[THYMELEAF]     * org.thymeleaf.spring4.templateresolver.SpringResourceTemplateResolver
[THYMELEAF] * Message resolvers (in order):
[THYMELEAF]     * org.thymeleaf.spring4.messageresolver.SpringMessageResolver
[THYMELEAF] * Dialect [1 of 2]: org.thymeleaf.spring4.dialect.SpringStandardDialect
[THYMELEAF]     * Prefix: "th"
[THYMELEAF] * Dialect [2 of 2]: nz.net.ultraq.thymeleaf.LayoutDialect
[THYMELEAF]     * Prefix: "layout"
[THYMELEAF] TEMPLATE ENGINE CONFIGURED OK
2018-03-12 10:52:58,702 INFO (TemplateEngine.java:838)- [THYMELEAF] TEMPLATE ENGINE INITIALIZED
2018-03-12 10:56:47,530 ERROR (LoggingApplicationListener.java:365)- Cannot set level: true for 'com.jd.cardapp.dao'
2018-03-12 10:56:47,641 INFO (StartupInfoLogger.java:48)- Starting CardAppApplication on PC-20171205FOMO with PID 7420 (E:\Project\Intellij1\cardapp\target\classes started by Administrator in E:\Project\Intellij1\cardapp)
2018-03-12 10:56:47,641 INFO (SpringApplication.java:593)- No active profile set, falling back to default profiles: default
2018-03-12 10:56:47,804 INFO (Version.java:30)- HV000001: Hibernate Validator 5.3.6.Final
2018-03-12 10:56:49,166 INFO (DirectJDKLog.java:180)- Starting service [Tomcat]
2018-03-12 10:56:49,167 INFO (DirectJDKLog.java:180)- Starting Servlet Engine: Apache Tomcat/8.5.27
2018-03-12 10:56:49,239 INFO (DirectJDKLog.java:180)- Initializing Spring embedded WebApplicationContext
2018-03-12 10:56:51,187 INFO (DirectJDKLog.java:180)- Initializing ProtocolHandler ["http-nio-8080"]
2018-03-12 10:56:51,195 INFO (DirectJDKLog.java:180)- Starting ProtocolHandler ["http-nio-8080"]
2018-03-12 10:56:51,205 INFO (DirectJDKLog.java:180)- Using a shared selector for servlet write/read
2018-03-12 10:56:51,222 INFO (StartupInfoLogger.java:57)- Started CardAppApplication in 4.075 seconds (JVM running for 5.15)
2018-03-12 10:58:19,340 INFO (DirectJDKLog.java:180)- A cookie header was received [1519952901,1520037256,1520211902; JSESSIONID=B3E0777E9FA537F55DC3C4F14B9B1059] that contained an invalid cookie. That cookie will be ignored.Note: further occurrences of this error will be logged at DEBUG level.
2018-03-12 10:58:19,347 INFO (DirectJDKLog.java:180)- Initializing Spring FrameworkServlet 'dispatcherServlet'
2018-03-12 10:58:19,410 INFO (TemplateEngine.java:825)- [THYMELEAF] INITIALIZING TEMPLATE ENGINE
2018-03-12 10:58:19,440 INFO (AbstractTemplateResolver.java:99)- [THYMELEAF] INITIALIZING TEMPLATE RESOLVER: org.thymeleaf.spring4.templateresolver.SpringResourceTemplateResolver
2018-03-12 10:58:19,440 INFO (AbstractTemplateResolver.java:110)- [THYMELEAF] TEMPLATE RESOLVER INITIALIZED OK
2018-03-12 10:58:19,440 INFO (AbstractMessageResolver.java:72)- [THYMELEAF] INITIALIZING MESSAGE RESOLVER: org.thymeleaf.spring4.messageresolver.SpringMessageResolver
2018-03-12 10:58:19,441 INFO (AbstractMessageResolver.java:78)- [THYMELEAF] MESSAGE RESOLVER INITIALIZED OK
2018-03-12 10:58:19,443 INFO (ConfigurationPrinterHelper.java:123)- [THYMELEAF] TEMPLATE ENGINE CONFIGURATION:
[THYMELEAF] * Cache Factory implementation: org.thymeleaf.cache.StandardCacheManager
[THYMELEAF] * Template modes:
[THYMELEAF]     * HTML5
[THYMELEAF]     * LEGACYHTML5
[THYMELEAF]     * VALIDXML
[THYMELEAF]     * XHTML
[THYMELEAF]     * XML
[THYMELEAF]     * VALIDXHTML
[THYMELEAF] * Template resolvers (in order):
[THYMELEAF]     * org.thymeleaf.spring4.templateresolver.SpringResourceTemplateResolver
[THYMELEAF] * Message resolvers (in order):
[THYMELEAF]     * org.thymeleaf.spring4.messageresolver.SpringMessageResolver
[THYMELEAF] * Dialect [1 of 2]: org.thymeleaf.spring4.dialect.SpringStandardDialect
[THYMELEAF]     * Prefix: "th"
[THYMELEAF] * Dialect [2 of 2]: nz.net.ultraq.thymeleaf.LayoutDialect
[THYMELEAF]     * Prefix: "layout"
[THYMELEAF] TEMPLATE ENGINE CONFIGURED OK
2018-03-12 10:58:19,444 INFO (TemplateEngine.java:838)- [THYMELEAF] TEMPLATE ENGINE INITIALIZED
2018-03-12 11:51:07,588 ERROR (LoggingApplicationListener.java:365)- Cannot set level: true for 'com.jd.cardapp.dao'
2018-03-12 11:51:07,756 INFO (StartupInfoLogger.java:48)- Starting CardAppApplication on PC-20171205FOMO with PID 7056 (E:\Project\Intellij1\cardapp\target\classes started by Administrator in E:\Project\Intellij1\cardapp)
2018-03-12 11:51:07,756 INFO (SpringApplication.java:593)- No active profile set, falling back to default profiles: default
2018-03-12 11:51:07,985 INFO (Version.java:30)- HV000001: Hibernate Validator 5.3.6.Final
2018-03-12 11:51:10,766 INFO (DirectJDKLog.java:180)- Starting service [Tomcat]
2018-03-12 11:51:10,767 INFO (DirectJDKLog.java:180)- Starting Servlet Engine: Apache Tomcat/8.5.27
2018-03-12 11:51:10,858 INFO (DirectJDKLog.java:180)- Initializing Spring embedded WebApplicationContext
2018-03-12 11:51:13,927 INFO (DirectJDKLog.java:180)- Initializing ProtocolHandler ["http-nio-8080"]
2018-03-12 11:51:13,939 INFO (DirectJDKLog.java:180)- Starting ProtocolHandler ["http-nio-8080"]
2018-03-12 11:51:13,949 INFO (DirectJDKLog.java:180)- Using a shared selector for servlet write/read
2018-03-12 11:51:13,973 INFO (StartupInfoLogger.java:57)- Started CardAppApplication in 6.81 seconds (JVM running for 9.072)
2018-03-12 11:52:51,422 ERROR (LoggingApplicationListener.java:365)- Cannot set level: true for 'com.jd.cardapp.dao'
2018-03-12 11:52:51,510 INFO (StartupInfoLogger.java:48)- Starting CardAppApplication on PC-20171205FOMO with PID 3700 (E:\Project\Intellij1\cardapp\target\classes started by Administrator in E:\Project\Intellij1\cardapp)
2018-03-12 11:52:51,510 INFO (SpringApplication.java:593)- No active profile set, falling back to default profiles: default
2018-03-12 11:52:51,662 INFO (Version.java:30)- HV000001: Hibernate Validator 5.3.6.Final
2018-03-12 11:52:53,001 INFO (DirectJDKLog.java:180)- Starting service [Tomcat]
2018-03-12 11:52:53,002 INFO (DirectJDKLog.java:180)- Starting Servlet Engine: Apache Tomcat/8.5.27
2018-03-12 11:52:53,073 INFO (DirectJDKLog.java:180)- Initializing Spring embedded WebApplicationContext
2018-03-12 11:52:55,003 INFO (DirectJDKLog.java:180)- Initializing ProtocolHandler ["http-nio-8080"]
2018-03-12 11:52:55,010 INFO (DirectJDKLog.java:180)- Starting ProtocolHandler ["http-nio-8080"]
2018-03-12 11:52:55,020 INFO (DirectJDKLog.java:180)- Using a shared selector for servlet write/read
2018-03-12 11:52:55,038 INFO (StartupInfoLogger.java:57)- Started CardAppApplication in 3.999 seconds (JVM running for 4.775)
2018-03-12 12:01:17,015 INFO (DirectJDKLog.java:180)- A cookie header was received [1519952901,1520037256,1520211902; JSESSIONID=B3E0777E9FA537F55DC3C4F14B9B1059] that contained an invalid cookie. That cookie will be ignored.Note: further occurrences of this error will be logged at DEBUG level.
2018-03-12 12:01:17,026 INFO (DirectJDKLog.java:180)- Initializing Spring FrameworkServlet 'dispatcherServlet'
2018-03-12 12:01:17,099 INFO (TemplateEngine.java:825)- [THYMELEAF] INITIALIZING TEMPLATE ENGINE
2018-03-12 12:01:17,163 INFO (AbstractTemplateResolver.java:99)- [THYMELEAF] INITIALIZING TEMPLATE RESOLVER: org.thymeleaf.spring4.templateresolver.SpringResourceTemplateResolver
2018-03-12 12:01:17,163 INFO (AbstractTemplateResolver.java:110)- [THYMELEAF] TEMPLATE RESOLVER INITIALIZED OK
2018-03-12 12:01:17,163 INFO (AbstractMessageResolver.java:72)- [THYMELEAF] INITIALIZING MESSAGE RESOLVER: org.thymeleaf.spring4.messageresolver.SpringMessageResolver
2018-03-12 12:01:17,163 INFO (AbstractMessageResolver.java:78)- [THYMELEAF] MESSAGE RESOLVER INITIALIZED OK
2018-03-12 12:01:17,167 INFO (ConfigurationPrinterHelper.java:123)- [THYMELEAF] TEMPLATE ENGINE CONFIGURATION:
[THYMELEAF] * Cache Factory implementation: org.thymeleaf.cache.StandardCacheManager
[THYMELEAF] * Template modes:
[THYMELEAF]     * LEGACYHTML5
[THYMELEAF]     * XML
[THYMELEAF]     * VALIDXML
[THYMELEAF]     * XHTML
[THYMELEAF]     * VALIDXHTML
[THYMELEAF]     * HTML5
[THYMELEAF] * Template resolvers (in order):
[THYMELEAF]     * org.thymeleaf.spring4.templateresolver.SpringResourceTemplateResolver
[THYMELEAF] * Message resolvers (in order):
[THYMELEAF]     * org.thymeleaf.spring4.messageresolver.SpringMessageResolver
[THYMELEAF] * Dialect [1 of 2]: org.thymeleaf.spring4.dialect.SpringStandardDialect
[THYMELEAF]     * Prefix: "th"
[THYMELEAF] * Dialect [2 of 2]: nz.net.ultraq.thymeleaf.LayoutDialect
[THYMELEAF]     * Prefix: "layout"
[THYMELEAF] TEMPLATE ENGINE CONFIGURED OK
2018-03-12 12:01:17,167 INFO (TemplateEngine.java:838)- [THYMELEAF] TEMPLATE ENGINE INITIALIZED
2018-03-12 12:03:23,147 ERROR (LoggingApplicationListener.java:365)- Cannot set level: true for 'com.jd.cardapp.dao'
2018-03-12 12:03:23,294 INFO (StartupInfoLogger.java:48)- Starting TestString on PC-20171205FOMO with PID 7268 (started by Administrator in E:\Project\IntelliJ1\cardapp)
2018-03-12 12:03:23,294 INFO (SpringApplication.java:593)- No active profile set, falling back to default profiles: default
2018-03-12 12:03:23,468 ERROR (LoggingApplicationListener.java:365)- Cannot set level: true for 'com.jd.cardapp.dao'
2018-03-12 12:03:23,473 INFO (StartupInfoLogger.java:48)- Starting CardAppApplication on PC-20171205FOMO with PID 3700 (E:\Project\Intellij1\cardapp\target\classes started by Administrator in E:\Project\Intellij1\cardapp)
2018-03-12 12:03:23,473 INFO (SpringApplication.java:593)- No active profile set, falling back to default profiles: default
2018-03-12 12:03:23,765 INFO (Version.java:30)- HV000001: Hibernate Validator 5.3.6.Final
2018-03-12 12:03:24,875 INFO (DirectJDKLog.java:180)- Starting service [Tomcat]
2018-03-12 12:03:24,876 INFO (DirectJDKLog.java:180)- Starting Servlet Engine: Apache Tomcat/8.5.27
2018-03-12 12:03:24,905 INFO (DirectJDKLog.java:180)- Initializing Spring embedded WebApplicationContext
2018-03-12 12:03:26,323 INFO (DirectJDKLog.java:180)- Initializing ProtocolHandler ["http-nio-8080"]
2018-03-12 12:03:26,324 INFO (DirectJDKLog.java:180)- Starting ProtocolHandler ["http-nio-8080"]
2018-03-12 12:03:26,326 INFO (DirectJDKLog.java:180)- Using a shared selector for servlet write/read
2018-03-12 12:03:26,348 INFO (StartupInfoLogger.java:57)- Started CardAppApplication in 2.925 seconds (JVM running for 636.085)
2018-03-12 12:03:27,962 INFO (StartupInfoLogger.java:57)- Started TestString in 5.81 seconds (JVM running for 6.805)
2018-03-12 14:34:37,952 ERROR (LoggingApplicationListener.java:365)- Cannot set level: true for 'com.jd.cardapp.dao'
2018-03-12 14:34:37,956 INFO (StartupInfoLogger.java:48)- Starting CardAppApplication on PC-20171205FOMO with PID 3700 (E:\Project\Intellij1\cardapp\target\classes started by Administrator in E:\Project\Intellij1\cardapp)
2018-03-12 14:34:37,956 INFO (SpringApplication.java:593)- No active profile set, falling back to default profiles: default
2018-03-12 14:34:39,766 INFO (DirectJDKLog.java:180)- Starting service [Tomcat]
2018-03-12 14:34:39,766 INFO (DirectJDKLog.java:180)- Starting Servlet Engine: Apache Tomcat/8.5.27
2018-03-12 14:34:39,978 INFO (DirectJDKLog.java:180)- Initializing Spring embedded WebApplicationContext
2018-03-12 14:34:41,534 ERROR (LoggingApplicationListener.java:365)- Cannot set level: true for 'com.jd.cardapp.dao'
2018-03-12 14:34:41,690 INFO (StartupInfoLogger.java:48)- Starting CardAppApplicationTests on PC-20171205FOMO with PID 9348 (started by Administrator in E:\Project\IntelliJ1\cardapp)
2018-03-12 14:34:41,691 INFO (SpringApplication.java:593)- No active profile set, falling back to default profiles: default
2018-03-12 14:34:42,305 INFO (Version.java:30)- HV000001: Hibernate Validator 5.3.6.Final
2018-03-12 14:34:44,196 INFO (DirectJDKLog.java:180)- Initializing ProtocolHandler ["http-nio-8080"]
2018-03-12 14:34:44,197 INFO (DirectJDKLog.java:180)- Starting ProtocolHandler ["http-nio-8080"]
2018-03-12 14:34:44,198 INFO (DirectJDKLog.java:180)- Using a shared selector for servlet write/read
2018-03-12 14:34:44,219 INFO (StartupInfoLogger.java:57)- Started CardAppApplication in 6.353 seconds (JVM running for 9713.956)
2018-03-12 14:34:48,415 INFO (StartupInfoLogger.java:57)- Started CardAppApplicationTests in 8.257 seconds (JVM running for 9.923)
2018-03-12 14:49:47,345 ERROR (LoggingApplicationListener.java:365)- Cannot set level: true for 'com.jd.cardapp.dao'
2018-03-12 14:49:47,401 INFO (StartupInfoLogger.java:48)- Starting CardAppApplication on PC-20171205FOMO with PID 10892 (E:\Project\Intellij1\cardapp\target\classes started by Administrator in E:\Project\Intellij1\cardapp)
2018-03-12 14:49:47,402 INFO (SpringApplication.java:593)- No active profile set, falling back to default profiles: default
2018-03-12 14:49:47,540 INFO (Version.java:30)- HV000001: Hibernate Validator 5.3.6.Final
2018-03-12 14:49:49,495 INFO (DirectJDKLog.java:180)- Starting service [Tomcat]
2018-03-12 14:49:49,496 INFO (DirectJDKLog.java:180)- Starting Servlet Engine: Apache Tomcat/8.5.27
2018-03-12 14:49:49,559 INFO (DirectJDKLog.java:180)- Initializing Spring embedded WebApplicationContext
2018-03-12 14:49:51,705 INFO (DirectJDKLog.java:180)- Initializing ProtocolHandler ["http-nio-8080"]
2018-03-12 14:49:51,714 INFO (DirectJDKLog.java:180)- Starting ProtocolHandler ["http-nio-8080"]
2018-03-12 14:49:51,722 INFO (DirectJDKLog.java:180)- Using a shared selector for servlet write/read
2018-03-12 14:49:51,739 INFO (StartupInfoLogger.java:57)- Started CardAppApplication in 4.69 seconds (JVM running for 5.809)
2018-03-12 14:49:55,834 INFO (DirectJDKLog.java:180)- A cookie header was received [1519952901,1520037256,1520211902; JSESSIONID=B3E0777E9FA537F55DC3C4F14B9B1059; Hm_lvt_080836300300be57b7f34f4b3e97d911=1520827278; Hm_lpvt_080836300300be57b7f34f4b3e97d911=1520827287] that contained an invalid cookie. That cookie will be ignored.Note: further occurrences of this error will be logged at DEBUG level.
2018-03-12 14:49:55,841 INFO (DirectJDKLog.java:180)- Initializing Spring FrameworkServlet 'dispatcherServlet'
2018-03-12 14:49:55,905 INFO (TemplateEngine.java:825)- [THYMELEAF] INITIALIZING TEMPLATE ENGINE
2018-03-12 14:49:55,930 INFO (AbstractTemplateResolver.java:99)- [THYMELEAF] INITIALIZING TEMPLATE RESOLVER: org.thymeleaf.spring4.templateresolver.SpringResourceTemplateResolver
2018-03-12 14:49:55,930 INFO (AbstractTemplateResolver.java:110)- [THYMELEAF] TEMPLATE RESOLVER INITIALIZED OK
2018-03-12 14:49:55,931 INFO (AbstractMessageResolver.java:72)- [THYMELEAF] INITIALIZING MESSAGE RESOLVER: org.thymeleaf.spring4.messageresolver.SpringMessageResolver
2018-03-12 14:49:55,931 INFO (AbstractMessageResolver.java:78)- [THYMELEAF] MESSAGE RESOLVER INITIALIZED OK
2018-03-12 14:49:55,933 INFO (ConfigurationPrinterHelper.java:123)- [THYMELEAF] TEMPLATE ENGINE CONFIGURATION:
[THYMELEAF] * Cache Factory implementation: org.thymeleaf.cache.StandardCacheManager
[THYMELEAF] * Template modes:
[THYMELEAF]     * VALIDXML
[THYMELEAF]     * LEGACYHTML5
[THYMELEAF]     * XHTML
[THYMELEAF]     * HTML5
[THYMELEAF]     * VALIDXHTML
[THYMELEAF]     * XML
[THYMELEAF] * Template resolvers (in order):
[THYMELEAF]     * org.thymeleaf.spring4.templateresolver.SpringResourceTemplateResolver
[THYMELEAF] * Message resolvers (in order):
[THYMELEAF]     * org.thymeleaf.spring4.messageresolver.SpringMessageResolver
[THYMELEAF] * Dialect [1 of 2]: org.thymeleaf.spring4.dialect.SpringStandardDialect
[THYMELEAF]     * Prefix: "th"
[THYMELEAF] * Dialect [2 of 2]: nz.net.ultraq.thymeleaf.LayoutDialect
[THYMELEAF]     * Prefix: "layout"
[THYMELEAF] TEMPLATE ENGINE CONFIGURED OK
2018-03-12 14:49:55,934 INFO (TemplateEngine.java:838)- [THYMELEAF] TEMPLATE ENGINE INITIALIZED
2018-03-12 15:08:52,784 ERROR (LoggingApplicationListener.java:365)- Cannot set level: true for 'com.jd.cardapp.dao'
2018-03-12 15:08:52,855 INFO (StartupInfoLogger.java:48)- Starting CardAppApplication on PC-20171205FOMO with PID 7200 (E:\Project\Intellij1\cardapp\target\classes started by Administrator in E:\Project\Intellij1\cardapp)
2018-03-12 15:08:52,855 INFO (SpringApplication.java:593)- No active profile set, falling back to default profiles: default
2018-03-12 15:08:53,015 INFO (Version.java:30)- HV000001: Hibernate Validator 5.3.6.Final
2018-03-12 15:08:55,035 INFO (DirectJDKLog.java:180)- Starting service [Tomcat]
2018-03-12 15:08:55,037 INFO (DirectJDKLog.java:180)- Starting Servlet Engine: Apache Tomcat/8.5.27
2018-03-12 15:08:55,098 INFO (DirectJDKLog.java:180)- Initializing Spring embedded WebApplicationContext
2018-03-12 15:08:57,210 INFO (DirectJDKLog.java:180)- Initializing ProtocolHandler ["http-nio-8080"]
2018-03-12 15:08:57,217 INFO (DirectJDKLog.java:180)- Starting ProtocolHandler ["http-nio-8080"]
2018-03-12 15:08:57,226 INFO (DirectJDKLog.java:180)- Using a shared selector for servlet write/read
2018-03-12 15:08:57,242 INFO (StartupInfoLogger.java:57)- Started CardAppApplication in 4.764 seconds (JVM running for 6.091)
2018-03-12 15:09:08,576 INFO (DirectJDKLog.java:180)- A cookie header was received [1519952901,1520037256,1520211902; JSESSIONID=B3E0777E9FA537F55DC3C4F14B9B1059; Hm_lvt_080836300300be57b7f34f4b3e97d911=1520827278; Hm_lpvt_080836300300be57b7f34f4b3e97d911=1520837410] that contained an invalid cookie. That cookie will be ignored.Note: further occurrences of this error will be logged at DEBUG level.
2018-03-12 15:09:08,584 INFO (DirectJDKLog.java:180)- Initializing Spring FrameworkServlet 'dispatcherServlet'
2018-03-12 15:09:08,654 INFO (TemplateEngine.java:825)- [THYMELEAF] INITIALIZING TEMPLATE ENGINE
2018-03-12 15:09:08,680 INFO (AbstractTemplateResolver.java:99)- [THYMELEAF] INITIALIZING TEMPLATE RESOLVER: org.thymeleaf.spring4.templateresolver.SpringResourceTemplateResolver
2018-03-12 15:09:08,680 INFO (AbstractTemplateResolver.java:110)- [THYMELEAF] TEMPLATE RESOLVER INITIALIZED OK
2018-03-12 15:09:08,680 INFO (AbstractMessageResolver.java:72)- [THYMELEAF] INITIALIZING MESSAGE RESOLVER: org.thymeleaf.spring4.messageresolver.SpringMessageResolver
2018-03-12 15:09:08,681 INFO (AbstractMessageResolver.java:78)- [THYMELEAF] MESSAGE RESOLVER INITIALIZED OK
2018-03-12 15:09:08,684 INFO (ConfigurationPrinterHelper.java:123)- [THYMELEAF] TEMPLATE ENGINE CONFIGURATION:
[THYMELEAF] * Cache Factory implementation: org.thymeleaf.cache.StandardCacheManager
[THYMELEAF] * Template modes:
[THYMELEAF]     * VALIDXHTML
[THYMELEAF]     * HTML5
[THYMELEAF]     * XML
[THYMELEAF]     * LEGACYHTML5
[THYMELEAF]     * XHTML
[THYMELEAF]     * VALIDXML
[THYMELEAF] * Template resolvers (in order):
[THYMELEAF]     * org.thymeleaf.spring4.templateresolver.SpringResourceTemplateResolver
[THYMELEAF] * Message resolvers (in order):
[THYMELEAF]     * org.thymeleaf.spring4.messageresolver.SpringMessageResolver
[THYMELEAF] * Dialect [1 of 2]: org.thymeleaf.spring4.dialect.SpringStandardDialect
[THYMELEAF]     * Prefix: "th"
[THYMELEAF] * Dialect [2 of 2]: nz.net.ultraq.thymeleaf.LayoutDialect
[THYMELEAF]     * Prefix: "layout"
[THYMELEAF] TEMPLATE ENGINE CONFIGURED OK
2018-03-12 15:09:08,684 INFO (TemplateEngine.java:838)- [THYMELEAF] TEMPLATE ENGINE INITIALIZED
2018-03-12 15:27:30,488 ERROR (LoggingApplicationListener.java:365)- Cannot set level: true for 'com.jd.cardapp.dao'
2018-03-12 15:27:30,552 INFO (StartupInfoLogger.java:48)- Starting CardAppApplication on PC-20171205FOMO with PID 10440 (E:\Project\Intellij1\cardapp\target\classes started by Administrator in E:\Project\Intellij1\cardapp)
2018-03-12 15:27:30,552 INFO (SpringApplication.java:593)- No active profile set, falling back to default profiles: default
2018-03-12 15:27:30,745 INFO (Version.java:30)- HV000001: Hibernate Validator 5.3.6.Final
2018-03-12 15:27:32,687 INFO (DirectJDKLog.java:180)- Starting service [Tomcat]
2018-03-12 15:27:32,689 INFO (DirectJDKLog.java:180)- Starting Servlet Engine: Apache Tomcat/8.5.27
2018-03-12 15:27:32,762 INFO (DirectJDKLog.java:180)- Initializing Spring embedded WebApplicationContext
2018-03-12 15:27:35,470 INFO (DirectJDKLog.java:180)- Initializing ProtocolHandler ["http-nio-8080"]
2018-03-12 15:27:35,480 INFO (DirectJDKLog.java:180)- Starting ProtocolHandler ["http-nio-8080"]
2018-03-12 15:27:35,489 INFO (DirectJDKLog.java:180)- Using a shared selector for servlet write/read
2018-03-12 15:27:35,505 INFO (StartupInfoLogger.java:57)- Started CardAppApplication in 5.265 seconds (JVM running for 6.644)
2018-03-12 15:30:48,148 ERROR (LoggingApplicationListener.java:365)- Cannot set level: true for 'com.jd.cardapp.dao'
2018-03-12 15:30:48,232 INFO (StartupInfoLogger.java:48)- Starting CardAppApplication on PC-20171205FOMO with PID 10708 (E:\Project\Intellij1\cardapp\target\classes started by Administrator in E:\Project\Intellij1\cardapp)
2018-03-12 15:30:48,232 INFO (SpringApplication.java:593)- No active profile set, falling back to default profiles: default
2018-03-12 15:30:48,441 INFO (Version.java:30)- HV000001: Hibernate Validator 5.3.6.Final
2018-03-12 15:30:49,758 INFO (DirectJDKLog.java:180)- Starting service [Tomcat]
2018-03-12 15:30:49,759 INFO (DirectJDKLog.java:180)- Starting Servlet Engine: Apache Tomcat/8.5.27
2018-03-12 15:30:49,827 INFO (DirectJDKLog.java:180)- Initializing Spring embedded WebApplicationContext
2018-03-12 15:30:51,836 INFO (DirectJDKLog.java:180)- Initializing ProtocolHandler ["http-nio-8080"]
2018-03-12 15:30:51,844 INFO (DirectJDKLog.java:180)- Starting ProtocolHandler ["http-nio-8080"]
2018-03-12 15:30:51,852 INFO (DirectJDKLog.java:180)- Using a shared selector for servlet write/read
2018-03-12 15:30:51,869 INFO (StartupInfoLogger.java:57)- Started CardAppApplication in 4.262 seconds (JVM running for 5.057)
2018-03-12 15:31:37,806 ERROR (LoggingApplicationListener.java:365)- Cannot set level: true for 'com.jd.cardapp.dao'
2018-03-12 15:31:37,882 INFO (StartupInfoLogger.java:48)- Starting CardAppApplication on PC-20171205FOMO with PID 11052 (E:\Project\Intellij1\cardapp\target\classes started by Administrator in E:\Project\Intellij1\cardapp)
2018-03-12 15:31:37,883 INFO (SpringApplication.java:593)- No active profile set, falling back to default profiles: default
2018-03-12 15:31:38,013 INFO (Version.java:30)- HV000001: Hibernate Validator 5.3.6.Final
2018-03-12 15:31:39,415 INFO (DirectJDKLog.java:180)- Starting service [Tomcat]
2018-03-12 15:31:39,416 INFO (DirectJDKLog.java:180)- Starting Servlet Engine: Apache Tomcat/8.5.27
2018-03-12 15:31:39,475 INFO (DirectJDKLog.java:180)- Initializing Spring embedded WebApplicationContext
2018-03-12 15:31:41,554 INFO (DirectJDKLog.java:180)- Initializing ProtocolHandler ["http-nio-8080"]
2018-03-12 15:31:41,563 INFO (DirectJDKLog.java:180)- Starting ProtocolHandler ["http-nio-8080"]
2018-03-12 15:31:41,574 INFO (DirectJDKLog.java:180)- Using a shared selector for servlet write/read
2018-03-12 15:31:41,591 INFO (StartupInfoLogger.java:57)- Started CardAppApplication in 4.136 seconds (JVM running for 4.89)
2018-03-12 15:31:49,818 INFO (DirectJDKLog.java:180)- A cookie header was received [1519952901,1520037256,1520211902; Hm_lvt_080836300300be57b7f34f4b3e97d911=1520827278; Hm_lpvt_080836300300be57b7f34f4b3e97d911=1520837410; JSESSIONID=EC6FCEE5597F2871FDC77CBED9505148] that contained an invalid cookie. That cookie will be ignored.Note: further occurrences of this error will be logged at DEBUG level.
2018-03-12 15:31:49,827 INFO (DirectJDKLog.java:180)- Initializing Spring FrameworkServlet 'dispatcherServlet'
2018-03-12 15:31:49,894 INFO (TemplateEngine.java:825)- [THYMELEAF] INITIALIZING TEMPLATE ENGINE
2018-03-12 15:31:49,918 INFO (AbstractTemplateResolver.java:99)- [THYMELEAF] INITIALIZING TEMPLATE RESOLVER: org.thymeleaf.spring4.templateresolver.SpringResourceTemplateResolver
2018-03-12 15:31:49,918 INFO (AbstractTemplateResolver.java:110)- [THYMELEAF] TEMPLATE RESOLVER INITIALIZED OK
2018-03-12 15:31:49,918 INFO (AbstractMessageResolver.java:72)- [THYMELEAF] INITIALIZING MESSAGE RESOLVER: org.thymeleaf.spring4.messageresolver.SpringMessageResolver
2018-03-12 15:31:49,918 INFO (AbstractMessageResolver.java:78)- [THYMELEAF] MESSAGE RESOLVER INITIALIZED OK
2018-03-12 15:31:49,921 INFO (ConfigurationPrinterHelper.java:123)- [THYMELEAF] TEMPLATE ENGINE CONFIGURATION:
[THYMELEAF] * Cache Factory implementation: org.thymeleaf.cache.StandardCacheManager
[THYMELEAF] * Template modes:
[THYMELEAF]     * LEGACYHTML5
[THYMELEAF]     * XHTML
[THYMELEAF]     * HTML5
[THYMELEAF]     * VALIDXML
[THYMELEAF]     * XML
[THYMELEAF]     * VALIDXHTML
[THYMELEAF] * Template resolvers (in order):
[THYMELEAF]     * org.thymeleaf.spring4.templateresolver.SpringResourceTemplateResolver
[THYMELEAF] * Message resolvers (in order):
[THYMELEAF]     * org.thymeleaf.spring4.messageresolver.SpringMessageResolver
[THYMELEAF] * Dialect [1 of 2]: org.thymeleaf.spring4.dialect.SpringStandardDialect
[THYMELEAF]     * Prefix: "th"
[THYMELEAF] * Dialect [2 of 2]: nz.net.ultraq.thymeleaf.LayoutDialect
[THYMELEAF]     * Prefix: "layout"
[THYMELEAF] TEMPLATE ENGINE CONFIGURED OK
2018-03-12 15:31:49,921 INFO (TemplateEngine.java:838)- [THYMELEAF] TEMPLATE ENGINE INITIALIZED
2018-03-12 15:33:09,741 ERROR (LoggingApplicationListener.java:365)- Cannot set level: true for 'com.jd.cardapp.dao'
2018-03-12 15:33:09,834 INFO (StartupInfoLogger.java:48)- Starting CardAppApplication on PC-20171205FOMO with PID 10352 (E:\Project\Intellij1\cardapp\target\classes started by Administrator in E:\Project\Intellij1\cardapp)
2018-03-12 15:33:09,834 INFO (SpringApplication.java:593)- No active profile set, falling back to default profiles: default
2018-03-12 15:33:09,948 INFO (Version.java:30)- HV000001: Hibernate Validator 5.3.6.Final
2018-03-12 15:33:11,441 INFO (DirectJDKLog.java:180)- Starting service [Tomcat]
2018-03-12 15:33:11,442 INFO (DirectJDKLog.java:180)- Starting Servlet Engine: Apache Tomcat/8.5.27
2018-03-12 15:33:11,512 INFO (DirectJDKLog.java:180)- Initializing Spring embedded WebApplicationContext
2018-03-12 15:33:13,524 INFO (DirectJDKLog.java:180)- Initializing ProtocolHandler ["http-nio-8080"]
2018-03-12 15:33:13,534 INFO (DirectJDKLog.java:180)- Starting ProtocolHandler ["http-nio-8080"]
2018-03-12 15:33:13,544 INFO (DirectJDKLog.java:180)- Using a shared selector for servlet write/read
2018-03-12 15:33:13,560 INFO (StartupInfoLogger.java:57)- Started CardAppApplication in 4.212 seconds (JVM running for 5.148)
2018-03-12 15:46:23,958 INFO (DirectJDKLog.java:180)- A cookie header was received [1519952901,1520037256,1520211902; Hm_lvt_080836300300be57b7f34f4b3e97d911=1520827278; Hm_lpvt_080836300300be57b7f34f4b3e97d911=1520837410; JSESSIONID=383948312678BE9C66A146A82F4F062C] that contained an invalid cookie. That cookie will be ignored.Note: further occurrences of this error will be logged at DEBUG level.
2018-03-12 15:46:23,958 INFO (DirectJDKLog.java:180)- A cookie header was received [1519952901,1520037256,1520211902; Hm_lvt_080836300300be57b7f34f4b3e97d911=1520827278; Hm_lpvt_080836300300be57b7f34f4b3e97d911=1520837410; JSESSIONID=383948312678BE9C66A146A82F4F062C] that contained an invalid cookie. That cookie will be ignored.Note: further occurrences of this error will be logged at DEBUG level.
2018-03-12 15:46:23,958 INFO (DirectJDKLog.java:180)- A cookie header was received [1519952901,1520037256,1520211902; Hm_lvt_080836300300be57b7f34f4b3e97d911=1520827278; Hm_lpvt_080836300300be57b7f34f4b3e97d911=1520837410; JSESSIONID=383948312678BE9C66A146A82F4F062C] that contained an invalid cookie. That cookie will be ignored.Note: further occurrences of this error will be logged at DEBUG level.
2018-03-12 15:46:23,967 INFO (DirectJDKLog.java:180)- Initializing Spring FrameworkServlet 'dispatcherServlet'
2018-03-12 15:49:12,193 ERROR (LoggingApplicationListener.java:365)- Cannot set level: true for 'com.jd.cardapp.dao'
2018-03-12 15:49:12,260 INFO (StartupInfoLogger.java:48)- Starting CardAppApplication on PC-20171205FOMO with PID 10888 (E:\Project\Intellij1\cardapp\target\classes started by Administrator in E:\Project\Intellij1\cardapp)
2018-03-12 15:49:12,261 INFO (SpringApplication.java:593)- No active profile set, falling back to default profiles: default
2018-03-12 15:49:12,412 INFO (Version.java:30)- HV000001: Hibernate Validator 5.3.6.Final
2018-03-12 15:49:14,465 INFO (DirectJDKLog.java:180)- Starting service [Tomcat]
2018-03-12 15:49:14,466 INFO (DirectJDKLog.java:180)- Starting Servlet Engine: Apache Tomcat/8.5.27
2018-03-12 15:49:14,530 INFO (DirectJDKLog.java:180)- Initializing Spring embedded WebApplicationContext
2018-03-12 15:49:16,741 INFO (DirectJDKLog.java:180)- Initializing ProtocolHandler ["http-nio-8080"]
2018-03-12 15:49:16,749 INFO (DirectJDKLog.java:180)- Starting ProtocolHandler ["http-nio-8080"]
2018-03-12 15:49:16,759 INFO (DirectJDKLog.java:180)- Using a shared selector for servlet write/read
2018-03-12 15:49:16,776 INFO (StartupInfoLogger.java:57)- Started CardAppApplication in 5.0 seconds (JVM running for 5.982)
2018-03-12 15:49:25,342 INFO (DirectJDKLog.java:180)- A cookie header was received [1519952901,1520037256,1520211902; Hm_lvt_080836300300be57b7f34f4b3e97d911=1520827278; Hm_lpvt_080836300300be57b7f34f4b3e97d911=1520837410; JSESSIONID=383948312678BE9C66A146A82F4F062C] that contained an invalid cookie. That cookie will be ignored.Note: further occurrences of this error will be logged at DEBUG level.
2018-03-12 15:49:25,348 INFO (DirectJDKLog.java:180)- Initializing Spring FrameworkServlet 'dispatcherServlet'
2018-03-12 15:49:25,395 INFO (AdminAspect.java:86)- -------------用户没有登录-------------
2018-03-12 15:49:25,432 INFO (TemplateEngine.java:825)- [THYMELEAF] INITIALIZING TEMPLATE ENGINE
2018-03-12 15:49:25,456 INFO (AbstractTemplateResolver.java:99)- [THYMELEAF] INITIALIZING TEMPLATE RESOLVER: org.thymeleaf.spring4.templateresolver.SpringResourceTemplateResolver
2018-03-12 15:49:25,456 INFO (AbstractTemplateResolver.java:110)- [THYMELEAF] TEMPLATE RESOLVER INITIALIZED OK
2018-03-12 15:49:25,456 INFO (AbstractMessageResolver.java:72)- [THYMELEAF] INITIALIZING MESSAGE RESOLVER: org.thymeleaf.spring4.messageresolver.SpringMessageResolver
2018-03-12 15:49:25,456 INFO (AbstractMessageResolver.java:78)- [THYMELEAF] MESSAGE RESOLVER INITIALIZED OK
2018-03-12 15:49:25,459 INFO (ConfigurationPrinterHelper.java:123)- [THYMELEAF] TEMPLATE ENGINE CONFIGURATION:
[THYMELEAF] * Cache Factory implementation: org.thymeleaf.cache.StandardCacheManager
[THYMELEAF] * Template modes:
[THYMELEAF]     * VALIDXML
[THYMELEAF]     * HTML5
[THYMELEAF]     * LEGACYHTML5
[THYMELEAF]     * VALIDXHTML
[THYMELEAF]     * XML
[THYMELEAF]     * XHTML
[THYMELEAF] * Template resolvers (in order):
[THYMELEAF]     * org.thymeleaf.spring4.templateresolver.SpringResourceTemplateResolver
[THYMELEAF] * Message resolvers (in order):
[THYMELEAF]     * org.thymeleaf.spring4.messageresolver.SpringMessageResolver
[THYMELEAF] * Dialect [1 of 2]: org.thymeleaf.spring4.dialect.SpringStandardDialect
[THYMELEAF]     * Prefix: "th"
[THYMELEAF] * Dialect [2 of 2]: nz.net.ultraq.thymeleaf.LayoutDialect
[THYMELEAF]     * Prefix: "layout"
[THYMELEAF] TEMPLATE ENGINE CONFIGURED OK
2018-03-12 15:49:25,460 INFO (TemplateEngine.java:838)- [THYMELEAF] TEMPLATE ENGINE INITIALIZED
2018-03-12 15:49:58,871 ERROR (LoggingApplicationListener.java:365)- Cannot set level: true for 'com.jd.cardapp.dao'
2018-03-12 15:49:58,926 INFO (StartupInfoLogger.java:48)- Starting CardAppApplication on PC-20171205FOMO with PID 9464 (E:\Project\Intellij1\cardapp\target\classes started by Administrator in E:\Project\Intellij1\cardapp)
2018-03-12 15:49:58,926 INFO (SpringApplication.java:593)- No active profile set, falling back to default profiles: default
2018-03-12 15:49:59,042 INFO (Version.java:30)- HV000001: Hibernate Validator 5.3.6.Final
2018-03-12 15:50:00,349 INFO (DirectJDKLog.java:180)- Starting service [Tomcat]
2018-03-12 15:50:00,350 INFO (DirectJDKLog.java:180)- Starting Servlet Engine: Apache Tomcat/8.5.27
2018-03-12 15:50:00,421 INFO (DirectJDKLog.java:180)- Initializing Spring embedded WebApplicationContext
2018-03-12 15:50:02,414 INFO (DirectJDKLog.java:180)- Initializing ProtocolHandler ["http-nio-8080"]
2018-03-12 15:50:02,421 INFO (DirectJDKLog.java:180)- Starting ProtocolHandler ["http-nio-8080"]
2018-03-12 15:50:02,429 INFO (DirectJDKLog.java:180)- Using a shared selector for servlet write/read
2018-03-12 15:50:02,460 INFO (StartupInfoLogger.java:57)- Started CardAppApplication in 3.927 seconds (JVM running for 5.477)
2018-03-12 15:52:58,195 ERROR (LoggingApplicationListener.java:365)- Cannot set level: true for 'com.jd.cardapp.dao'
2018-03-12 15:52:58,263 INFO (StartupInfoLogger.java:48)- Starting CardAppApplication on PC-20171205FOMO with PID 2012 (E:\Project\Intellij1\cardapp\target\classes started by Administrator in E:\Project\Intellij1\cardapp)
2018-03-12 15:52:58,263 INFO (SpringApplication.java:593)- No active profile set, falling back to default profiles: default
2018-03-12 15:52:58,437 INFO (Version.java:30)- HV000001: Hibernate Validator 5.3.6.Final
2018-03-12 15:53:00,466 INFO (DirectJDKLog.java:180)- Starting service [Tomcat]
2018-03-12 15:53:00,467 INFO (DirectJDKLog.java:180)- Starting Servlet Engine: Apache Tomcat/8.5.27
2018-03-12 15:53:00,543 INFO (DirectJDKLog.java:180)- Initializing Spring embedded WebApplicationContext
2018-03-12 15:53:02,889 INFO (DirectJDKLog.java:180)- Initializing ProtocolHandler ["http-nio-8080"]
2018-03-12 15:53:02,899 INFO (DirectJDKLog.java:180)- Starting ProtocolHandler ["http-nio-8080"]
2018-03-12 15:53:02,907 INFO (DirectJDKLog.java:180)- Using a shared selector for servlet write/read
2018-03-12 15:53:02,923 INFO (StartupInfoLogger.java:57)- Started CardAppApplication in 5.03 seconds (JVM running for 6.584)
2018-03-12 15:53:04,164 INFO (DirectJDKLog.java:180)- A cookie header was received [1519952901,1520037256,1520211902; Hm_lvt_080836300300be57b7f34f4b3e97d911=1520827278; Hm_lpvt_080836300300be57b7f34f4b3e97d911=1520837410; JSESSIONID=0247A485E79F281A5D2325BE052AE35E] that contained an invalid cookie. That cookie will be ignored.Note: further occurrences of this error will be logged at DEBUG level.
2018-03-12 15:53:04,170 INFO (DirectJDKLog.java:180)- Initializing Spring FrameworkServlet 'dispatcherServlet'
2018-03-12 15:53:04,224 INFO (AdminAspect.java:86)- -------------用户没有登录-------------
2018-03-12 15:53:04,280 INFO (TemplateEngine.java:825)- [THYMELEAF] INITIALIZING TEMPLATE ENGINE
2018-03-12 15:53:04,315 INFO (AbstractTemplateResolver.java:99)- [THYMELEAF] INITIALIZING TEMPLATE RESOLVER: org.thymeleaf.spring4.templateresolver.SpringResourceTemplateResolver
2018-03-12 15:53:04,315 INFO (AbstractTemplateResolver.java:110)- [THYMELEAF] TEMPLATE RESOLVER INITIALIZED OK
2018-03-12 15:53:04,315 INFO (AbstractMessageResolver.java:72)- [THYMELEAF] INITIALIZING MESSAGE RESOLVER: org.thymeleaf.spring4.messageresolver.SpringMessageResolver
2018-03-12 15:53:04,315 INFO (AbstractMessageResolver.java:78)- [THYMELEAF] MESSAGE RESOLVER INITIALIZED OK
2018-03-12 15:53:04,318 INFO (ConfigurationPrinterHelper.java:123)- [THYMELEAF] TEMPLATE ENGINE CONFIGURATION:
[THYMELEAF] * Cache Factory implementation: org.thymeleaf.cache.StandardCacheManager
[THYMELEAF] * Template modes:
[THYMELEAF]     * VALIDXML
[THYMELEAF]     * VALIDXHTML
[THYMELEAF]     * LEGACYHTML5
[THYMELEAF]     * HTML5
[THYMELEAF]     * XHTML
[THYMELEAF]     * XML
[THYMELEAF] * Template resolvers (in order):
[THYMELEAF]     * org.thymeleaf.spring4.templateresolver.SpringResourceTemplateResolver
[THYMELEAF] * Message resolvers (in order):
[THYMELEAF]     * org.thymeleaf.spring4.messageresolver.SpringMessageResolver
[THYMELEAF] * Dialect [1 of 2]: org.thymeleaf.spring4.dialect.SpringStandardDialect
[THYMELEAF]     * Prefix: "th"
[THYMELEAF] * Dialect [2 of 2]: nz.net.ultraq.thymeleaf.LayoutDialect
[THYMELEAF]     * Prefix: "layout"
[THYMELEAF] TEMPLATE ENGINE CONFIGURED OK
2018-03-12 15:53:04,318 INFO (TemplateEngine.java:838)- [THYMELEAF] TEMPLATE ENGINE INITIALIZED
2018-03-12 15:53:46,770 ERROR (LoggingApplicationListener.java:365)- Cannot set level: true for 'com.jd.cardapp.dao'
2018-03-12 15:53:46,821 INFO (StartupInfoLogger.java:48)- Starting CardAppApplication on PC-20171205FOMO with PID 9696 (E:\Project\Intellij1\cardapp\target\classes started by Administrator in E:\Project\Intellij1\cardapp)
2018-03-12 15:53:46,821 INFO (SpringApplication.java:593)- No active profile set, falling back to default profiles: default
2018-03-12 15:53:46,930 INFO (Version.java:30)- HV000001: Hibernate Validator 5.3.6.Final
2018-03-12 15:53:48,265 INFO (DirectJDKLog.java:180)- Starting service [Tomcat]
2018-03-12 15:53:48,266 INFO (DirectJDKLog.java:180)- Starting Servlet Engine: Apache Tomcat/8.5.27
2018-03-12 15:53:48,325 INFO (DirectJDKLog.java:180)- Initializing Spring embedded WebApplicationContext
2018-03-12 15:53:50,269 INFO (DirectJDKLog.java:180)- Initializing ProtocolHandler ["http-nio-8080"]
2018-03-12 15:53:50,277 INFO (DirectJDKLog.java:180)- Starting ProtocolHandler ["http-nio-8080"]
2018-03-12 15:53:50,286 INFO (DirectJDKLog.java:180)- Using a shared selector for servlet write/read
2018-03-12 15:53:50,302 INFO (StartupInfoLogger.java:57)- Started CardAppApplication in 3.908 seconds (JVM running for 5.28)
2018-03-12 15:57:20,502 ERROR (LoggingApplicationListener.java:365)- Cannot set level: true for 'com.jd.cardapp.dao'
2018-03-12 15:57:20,560 INFO (StartupInfoLogger.java:48)- Starting CardAppApplication on PC-20171205FOMO with PID 10912 (E:\Project\Intellij1\cardapp\target\classes started by Administrator in E:\Project\Intellij1\cardapp)
2018-03-12 15:57:20,560 INFO (SpringApplication.java:593)- No active profile set, falling back to default profiles: default
2018-03-12 15:57:20,681 INFO (Version.java:30)- HV000001: Hibernate Validator 5.3.6.Final
2018-03-12 15:57:22,246 INFO (DirectJDKLog.java:180)- Starting service [Tomcat]
2018-03-12 15:57:22,247 INFO (DirectJDKLog.java:180)- Starting Servlet Engine: Apache Tomcat/8.5.27
2018-03-12 15:57:22,343 INFO (DirectJDKLog.java:180)- Initializing Spring embedded WebApplicationContext
2018-03-12 15:57:24,482 INFO (DirectJDKLog.java:180)- Initializing ProtocolHandler ["http-nio-8080"]
2018-03-12 15:57:24,488 INFO (DirectJDKLog.java:180)- Starting ProtocolHandler ["http-nio-8080"]
2018-03-12 15:57:24,496 INFO (DirectJDKLog.java:180)- Using a shared selector for servlet write/read
2018-03-12 15:57:24,512 INFO (StartupInfoLogger.java:57)- Started CardAppApplication in 4.289 seconds (JVM running for 6.467)
2018-03-12 15:57:24,579 INFO (DirectJDKLog.java:180)- A cookie header was received [1519952901,1520037256,1520211902; Hm_lvt_080836300300be57b7f34f4b3e97d911=1520827278; Hm_lpvt_080836300300be57b7f34f4b3e97d911=1520837410; JSESSIONID=F2021EAF34AAC785C52E506DBAF5396B] that contained an invalid cookie. That cookie will be ignored.Note: further occurrences of this error will be logged at DEBUG level.
2018-03-12 15:57:24,584 INFO (DirectJDKLog.java:180)- Initializing Spring FrameworkServlet 'dispatcherServlet'
2018-03-12 15:57:24,629 INFO (AdminAspect.java:86)- -------------用户没有登录-------------
2018-03-12 15:57:24,660 INFO (TemplateEngine.java:825)- [THYMELEAF] INITIALIZING TEMPLATE ENGINE
2018-03-12 15:57:24,684 INFO (AbstractTemplateResolver.java:99)- [THYMELEAF] INITIALIZING TEMPLATE RESOLVER: org.thymeleaf.spring4.templateresolver.SpringResourceTemplateResolver
2018-03-12 15:57:24,684 INFO (AbstractTemplateResolver.java:110)- [THYMELEAF] TEMPLATE RESOLVER INITIALIZED OK
2018-03-12 15:57:24,684 INFO (AbstractMessageResolver.java:72)- [THYMELEAF] INITIALIZING MESSAGE RESOLVER: org.thymeleaf.spring4.messageresolver.SpringMessageResolver
2018-03-12 15:57:24,684 INFO (AbstractMessageResolver.java:78)- [THYMELEAF] MESSAGE RESOLVER INITIALIZED OK
2018-03-12 15:57:24,687 INFO (ConfigurationPrinterHelper.java:123)- [THYMELEAF] TEMPLATE ENGINE CONFIGURATION:
[THYMELEAF] * Cache Factory implementation: org.thymeleaf.cache.StandardCacheManager
[THYMELEAF] * Template modes:
[THYMELEAF]     * VALIDXHTML
[THYMELEAF]     * XML
[THYMELEAF]     * VALIDXML
[THYMELEAF]     * HTML5
[THYMELEAF]     * LEGACYHTML5
[THYMELEAF]     * XHTML
[THYMELEAF] * Template resolvers (in order):
[THYMELEAF]     * org.thymeleaf.spring4.templateresolver.SpringResourceTemplateResolver
[THYMELEAF] * Message resolvers (in order):
[THYMELEAF]     * org.thymeleaf.spring4.messageresolver.SpringMessageResolver
[THYMELEAF] * Dialect [1 of 2]: org.thymeleaf.spring4.dialect.SpringStandardDialect
[THYMELEAF]     * Prefix: "th"
[THYMELEAF] * Dialect [2 of 2]: nz.net.ultraq.thymeleaf.LayoutDialect
[THYMELEAF]     * Prefix: "layout"
[THYMELEAF] TEMPLATE ENGINE CONFIGURED OK
2018-03-12 15:57:24,687 INFO (TemplateEngine.java:838)- [THYMELEAF] TEMPLATE ENGINE INITIALIZED
2018-03-12 16:11:27,083 ERROR (LoggingApplicationListener.java:365)- Cannot set level: true for 'com.jd.cardapp.dao'
2018-03-12 16:11:27,147 INFO (StartupInfoLogger.java:48)- Starting CardAppApplication on PC-20171205FOMO with PID 8980 (E:\Project\Intellij1\cardapp\target\classes started by Administrator in E:\Project\Intellij1\cardapp)
2018-03-12 16:11:27,147 INFO (SpringApplication.java:593)- No active profile set, falling back to default profiles: default
2018-03-12 16:11:27,322 INFO (Version.java:30)- HV000001: Hibernate Validator 5.3.6.Final
2018-03-12 16:11:29,459 INFO (DirectJDKLog.java:180)- Starting service [Tomcat]
2018-03-12 16:11:29,461 INFO (DirectJDKLog.java:180)- Starting Servlet Engine: Apache Tomcat/8.5.27
2018-03-12 16:11:29,519 INFO (DirectJDKLog.java:180)- Initializing Spring embedded WebApplicationContext
2018-03-12 16:11:32,044 INFO (DirectJDKLog.java:180)- Initializing ProtocolHandler ["http-nio-8080"]
2018-03-12 16:11:32,056 INFO (DirectJDKLog.java:180)- Starting ProtocolHandler ["http-nio-8080"]
2018-03-12 16:11:32,100 INFO (DirectJDKLog.java:180)- Using a shared selector for servlet write/read
2018-03-12 16:11:32,123 INFO (StartupInfoLogger.java:57)- Started CardAppApplication in 5.628 seconds (JVM running for 6.468)
2018-03-12 16:11:45,647 ERROR (LoggingApplicationListener.java:365)- Cannot set level: true for 'com.jd.cardapp.dao'
2018-03-12 16:11:45,715 INFO (StartupInfoLogger.java:48)- Starting CardAppApplication on PC-20171205FOMO with PID 8068 (E:\Project\Intellij1\cardapp\target\classes started by Administrator in E:\Project\Intellij1\cardapp)
2018-03-12 16:11:45,716 INFO (SpringApplication.java:593)- No active profile set, falling back to default profiles: default
2018-03-12 16:11:45,965 INFO (Version.java:30)- HV000001: Hibernate Validator 5.3.6.Final
2018-03-12 16:11:47,159 INFO (DirectJDKLog.java:180)- Starting service [Tomcat]
2018-03-12 16:11:47,160 INFO (DirectJDKLog.java:180)- Starting Servlet Engine: Apache Tomcat/8.5.27
2018-03-12 16:11:47,228 INFO (DirectJDKLog.java:180)- Initializing Spring embedded WebApplicationContext
2018-03-12 16:11:49,228 INFO (DirectJDKLog.java:180)- Initializing ProtocolHandler ["http-nio-8080"]
2018-03-12 16:11:49,235 INFO (DirectJDKLog.java:180)- Starting ProtocolHandler ["http-nio-8080"]
2018-03-12 16:11:49,245 INFO (DirectJDKLog.java:180)- Using a shared selector for servlet write/read
2018-03-12 16:11:49,263 INFO (StartupInfoLogger.java:57)- Started CardAppApplication in 4.071 seconds (JVM running for 5.236)
2018-03-12 16:13:49,766 ERROR (LoggingApplicationListener.java:365)- Cannot set level: true for 'com.jd.cardapp.dao'
2018-03-12 16:13:49,815 INFO (StartupInfoLogger.java:48)- Starting CardAppApplication on PC-20171205FOMO with PID 11524 (E:\Project\Intellij1\cardapp\target\classes started by Administrator in E:\Project\Intellij1\cardapp)
2018-03-12 16:13:49,815 INFO (SpringApplication.java:593)- No active profile set, falling back to default profiles: default
2018-03-12 16:13:49,915 INFO (Version.java:30)- HV000001: Hibernate Validator 5.3.6.Final
2018-03-12 16:13:51,184 INFO (DirectJDKLog.java:180)- Starting service [Tomcat]
2018-03-12 16:13:51,185 INFO (DirectJDKLog.java:180)- Starting Servlet Engine: Apache Tomcat/8.5.27
2018-03-12 16:13:51,240 INFO (DirectJDKLog.java:180)- Initializing Spring embedded WebApplicationContext
2018-03-12 16:13:53,261 INFO (DirectJDKLog.java:180)- Initializing ProtocolHandler ["http-nio-8080"]
2018-03-12 16:13:53,268 INFO (DirectJDKLog.java:180)- Starting ProtocolHandler ["http-nio-8080"]
2018-03-12 16:13:53,277 INFO (DirectJDKLog.java:180)- Using a shared selector for servlet write/read
2018-03-12 16:13:53,294 INFO (StartupInfoLogger.java:57)- Started CardAppApplication in 3.861 seconds (JVM running for 5.236)
2018-03-12 16:14:06,622 INFO (DirectJDKLog.java:180)- A cookie header was received [1519952901,1520037256,1520211902; Hm_lvt_080836300300be57b7f34f4b3e97d911=1520827278; Hm_lpvt_080836300300be57b7f34f4b3e97d911=1520837410; JSESSIONID=3A29C023D1236BFC402BE0DADFD277D8] that contained an invalid cookie. That cookie will be ignored.Note: further occurrences of this error will be logged at DEBUG level.
2018-03-12 16:14:06,629 INFO (DirectJDKLog.java:180)- Initializing Spring FrameworkServlet 'dispatcherServlet'
2018-03-12 16:14:06,679 INFO (AdminAspect.java:86)- -------------用户没有登录-------------
2018-03-12 16:14:06,711 INFO (TemplateEngine.java:825)- [THYMELEAF] INITIALIZING TEMPLATE ENGINE
2018-03-12 16:14:06,737 INFO (AbstractTemplateResolver.java:99)- [THYMELEAF] INITIALIZING TEMPLATE RESOLVER: org.thymeleaf.spring4.templateresolver.SpringResourceTemplateResolver
2018-03-12 16:14:06,737 INFO (AbstractTemplateResolver.java:110)- [THYMELEAF] TEMPLATE RESOLVER INITIALIZED OK
2018-03-12 16:14:06,738 INFO (AbstractMessageResolver.java:72)- [THYMELEAF] INITIALIZING MESSAGE RESOLVER: org.thymeleaf.spring4.messageresolver.SpringMessageResolver
2018-03-12 16:14:06,738 INFO (AbstractMessageResolver.java:78)- [THYMELEAF] MESSAGE RESOLVER INITIALIZED OK
2018-03-12 16:14:06,740 INFO (ConfigurationPrinterHelper.java:123)- [THYMELEAF] TEMPLATE ENGINE CONFIGURATION:
[THYMELEAF] * Cache Factory implementation: org.thymeleaf.cache.StandardCacheManager
[THYMELEAF] * Template modes:
[THYMELEAF]     * VALIDXML
[THYMELEAF]     * VALIDXHTML
[THYMELEAF]     * XML
[THYMELEAF]     * XHTML
[THYMELEAF]     * LEGACYHTML5
[THYMELEAF]     * HTML5
[THYMELEAF] * Template resolvers (in order):
[THYMELEAF]     * org.thymeleaf.spring4.templateresolver.SpringResourceTemplateResolver
[THYMELEAF] * Message resolvers (in order):
[THYMELEAF]     * org.thymeleaf.spring4.messageresolver.SpringMessageResolver
[THYMELEAF] * Dialect [1 of 2]: org.thymeleaf.spring4.dialect.SpringStandardDialect
[THYMELEAF]     * Prefix: "th"
[THYMELEAF] * Dialect [2 of 2]: nz.net.ultraq.thymeleaf.LayoutDialect
[THYMELEAF]     * Prefix: "layout"
[THYMELEAF] TEMPLATE ENGINE CONFIGURED OK
2018-03-12 16:14:06,741 INFO (TemplateEngine.java:838)- [THYMELEAF] TEMPLATE ENGINE INITIALIZED
2018-03-12 16:38:56,854 ERROR (LoggingApplicationListener.java:365)- Cannot set level: true for 'com.jd.cardapp.dao'
2018-03-12 16:38:56,909 INFO (StartupInfoLogger.java:48)- Starting CardAppApplication on PC-20171205FOMO with PID 336 (E:\Project\Intellij1\cardapp\target\classes started by Administrator in E:\Project\Intellij1\cardapp)
2018-03-12 16:38:56,910 INFO (SpringApplication.java:593)- No active profile set, falling back to default profiles: default
2018-03-12 16:38:57,282 INFO (Version.java:30)- HV000001: Hibernate Validator 5.3.6.Final
2018-03-12 16:38:59,277 INFO (DirectJDKLog.java:180)- Starting service [Tomcat]
2018-03-12 16:38:59,279 INFO (DirectJDKLog.java:180)- Starting Servlet Engine: Apache Tomcat/8.5.27
2018-03-12 16:38:59,344 INFO (DirectJDKLog.java:180)- Initializing Spring embedded WebApplicationContext
2018-03-12 16:39:01,570 INFO (DirectJDKLog.java:180)- Initializing ProtocolHandler ["http-nio-8080"]
2018-03-12 16:39:01,577 INFO (DirectJDKLog.java:180)- Starting ProtocolHandler ["http-nio-8080"]
2018-03-12 16:39:01,586 INFO (DirectJDKLog.java:180)- Using a shared selector for servlet write/read
2018-03-12 16:39:01,603 INFO (StartupInfoLogger.java:57)- Started CardAppApplication in 5.117 seconds (JVM running for 6.537)
2018-03-12 17:35:48,770 ERROR (LoggingApplicationListener.java:365)- Cannot set level: true for 'com.jd.cardapp.dao'
2018-03-12 17:35:48,775 INFO (StartupInfoLogger.java:48)- Starting CardAppApplication on PC-20171205FOMO with PID 336 (E:\Project\Intellij1\cardapp\target\classes started by Administrator in E:\Project\Intellij1\cardapp)
2018-03-12 17:35:48,776 INFO (SpringApplication.java:593)- No active profile set, falling back to default profiles: default
2018-03-12 17:35:49,427 ERROR (LoggingApplicationListener.java:365)- Cannot set level: true for 'com.jd.cardapp.dao'
2018-03-12 17:35:49,512 INFO (StartupInfoLogger.java:48)- Starting CardAppApplicationTests on PC-20171205FOMO with PID 11524 (started by Administrator in E:\Project\IntelliJ1\cardapp)
2018-03-12 17:35:49,512 INFO (SpringApplication.java:593)- No active profile set, falling back to default profiles: default
2018-03-12 17:35:50,249 INFO (Version.java:30)- HV000001: Hibernate Validator 5.3.6.Final
2018-03-12 17:35:50,766 INFO (DirectJDKLog.java:180)- Starting service [Tomcat]
2018-03-12 17:35:50,766 INFO (DirectJDKLog.java:180)- Starting Servlet Engine: Apache Tomcat/8.5.27
2018-03-12 17:35:50,786 INFO (DirectJDKLog.java:180)- Initializing Spring embedded WebApplicationContext
2018-03-12 17:35:52,872 INFO (DirectJDKLog.java:180)- Initializing ProtocolHandler ["http-nio-8080"]
2018-03-12 17:35:52,872 INFO (DirectJDKLog.java:180)- Starting ProtocolHandler ["http-nio-8080"]
2018-03-12 17:35:52,874 INFO (DirectJDKLog.java:180)- Using a shared selector for servlet write/read
2018-03-12 17:35:53,107 INFO (StartupInfoLogger.java:57)- Started CardAppApplication in 4.458 seconds (JVM running for 3418.04)
2018-03-12 17:35:54,492 INFO (StartupInfoLogger.java:57)- Started CardAppApplicationTests in 5.539 seconds (JVM running for 7.111)
2018-03-12 17:37:57,845 ERROR (LoggingApplicationListener.java:365)- Cannot set level: true for 'com.jd.cardapp.dao'
2018-03-12 17:37:57,919 INFO (StartupInfoLogger.java:48)- Starting CardAppApplicationTests on PC-20171205FOMO with PID 11328 (started by Administrator in E:\Project\IntelliJ1\cardapp)
2018-03-12 17:37:57,919 INFO (SpringApplication.java:593)- No active profile set, falling back to default profiles: default
2018-03-12 17:37:58,343 INFO (Version.java:30)- HV000001: Hibernate Validator 5.3.6.Final
2018-03-12 17:38:03,530 INFO (StartupInfoLogger.java:57)- Started CardAppApplicationTests in 6.465 seconds (JVM running for 7.58)
2018-03-12 17:39:25,648 ERROR (LoggingApplicationListener.java:365)- Cannot set level: true for 'com.jd.cardapp.dao'
2018-03-12 17:39:25,719 INFO (StartupInfoLogger.java:48)- Starting CardAppApplicationTests on PC-20171205FOMO with PID 12144 (started by Administrator in E:\Project\IntelliJ1\cardapp)
2018-03-12 17:39:25,720 INFO (SpringApplication.java:593)- No active profile set, falling back to default profiles: default
2018-03-12 17:39:26,077 INFO (Version.java:30)- HV000001: Hibernate Validator 5.3.6.Final
2018-03-12 17:39:32,214 INFO (StartupInfoLogger.java:57)- Started CardAppApplicationTests in 7.231 seconds (JVM running for 8.223)
2018-03-12 17:42:11,022 ERROR (LoggingApplicationListener.java:365)- Cannot set level: true for 'com.jd.cardapp.dao'
2018-03-12 17:42:11,053 ERROR (LoggingApplicationListener.java:365)- Cannot set level: true for 'com.jd.cardapp.dao'
2018-03-12 17:42:11,058 INFO (StartupInfoLogger.java:48)- Starting CardAppApplication on PC-20171205FOMO with PID 336 (E:\Project\Intellij1\cardapp\target\classes started by Administrator in E:\Project\Intellij1\cardapp)
2018-03-12 17:42:11,058 INFO (SpringApplication.java:593)- No active profile set, falling back to default profiles: default
2018-03-12 17:42:11,136 INFO (StartupInfoLogger.java:48)- Starting CardAppApplicationTests on PC-20171205FOMO with PID 12228 (started by Administrator in E:\Project\IntelliJ1\cardapp)
2018-03-12 17:42:11,138 INFO (SpringApplication.java:593)- No active profile set, falling back to default profiles: default
2018-03-12 17:42:11,648 INFO (Version.java:30)- HV000001: Hibernate Validator 5.3.6.Final
2018-03-12 17:42:12,186 INFO (DirectJDKLog.java:180)- Starting service [Tomcat]
2018-03-12 17:42:12,187 INFO (DirectJDKLog.java:180)- Starting Servlet Engine: Apache Tomcat/8.5.27
2018-03-12 17:42:12,344 INFO (DirectJDKLog.java:180)- Initializing Spring embedded WebApplicationContext
2018-03-12 17:42:14,382 INFO (DirectJDKLog.java:180)- Initializing ProtocolHandler ["http-nio-8080"]
2018-03-12 17:42:14,382 INFO (DirectJDKLog.java:180)- Starting ProtocolHandler ["http-nio-8080"]
2018-03-12 17:42:14,383 INFO (DirectJDKLog.java:180)- Using a shared selector for servlet write/read
2018-03-12 17:42:14,435 INFO (StartupInfoLogger.java:57)- Started CardAppApplication in 3.432 seconds (JVM running for 3799.369)
2018-03-12 17:42:17,022 INFO (StartupInfoLogger.java:57)- Started CardAppApplicationTests in 6.884 seconds (JVM running for 8.072)
2018-03-12 17:50:41,937 ERROR (LoggingApplicationListener.java:365)- Cannot set level: true for 'com.jd.cardapp.dao'
2018-03-12 17:50:42,038 ERROR (LoggingApplicationListener.java:365)- Cannot set level: true for 'com.jd.cardapp.dao'
2018-03-12 17:50:42,049 INFO (StartupInfoLogger.java:48)- Starting CardAppApplication on PC-20171205FOMO with PID 336 (E:\Project\Intellij1\cardapp\target\classes started by Administrator in E:\Project\Intellij1\cardapp)
2018-03-12 17:50:42,049 INFO (SpringApplication.java:593)- No active profile set, falling back to default profiles: default
2018-03-12 17:50:42,190 INFO (StartupInfoLogger.java:48)- Starting CardAppApplicationTests on PC-20171205FOMO with PID 12112 (started by Administrator in E:\Project\IntelliJ1\cardapp)
2018-03-12 17:50:42,190 INFO (SpringApplication.java:593)- No active profile set, falling back to default profiles: default
2018-03-12 17:50:42,754 INFO (Version.java:30)- HV000001: Hibernate Validator 5.3.6.Final
2018-03-12 17:50:43,922 INFO (DirectJDKLog.java:180)- Starting service [Tomcat]
2018-03-12 17:50:43,923 INFO (DirectJDKLog.java:180)- Starting Servlet Engine: Apache Tomcat/8.5.27
2018-03-12 17:50:44,024 INFO (DirectJDKLog.java:180)- Initializing Spring embedded WebApplicationContext
2018-03-12 17:50:46,476 INFO (DirectJDKLog.java:180)- Initializing ProtocolHandler ["http-nio-8080"]
2018-03-12 17:50:46,477 INFO (DirectJDKLog.java:180)- Starting ProtocolHandler ["http-nio-8080"]
2018-03-12 17:50:46,479 INFO (DirectJDKLog.java:180)- Using a shared selector for servlet write/read
2018-03-12 17:50:46,719 INFO (StartupInfoLogger.java:57)- Started CardAppApplication in 4.749 seconds (JVM running for 4311.653)
2018-03-12 17:50:48,669 INFO (StartupInfoLogger.java:57)- Started CardAppApplicationTests in 7.544 seconds (JVM running for 8.661)
2018-03-12 17:56:03,531 ERROR (LoggingApplicationListener.java:365)- Cannot set level: true for 'com.jd.cardapp.dao'
2018-03-12 17:56:03,535 INFO (StartupInfoLogger.java:48)- Starting CardAppApplication on PC-20171205FOMO with PID 336 (E:\Project\Intellij1\cardapp\target\classes started by Administrator in E:\Project\Intellij1\cardapp)
2018-03-12 17:56:03,535 INFO (SpringApplication.java:593)- No active profile set, falling back to default profiles: default
2018-03-12 17:56:05,193 ERROR (LoggingApplicationListener.java:365)- Cannot set level: true for 'com.jd.cardapp.dao'
2018-03-12 17:56:05,288 INFO (StartupInfoLogger.java:48)- Starting CardAppApplicationTests on PC-20171205FOMO with PID 12100 (started by Administrator in E:\Project\IntelliJ1\cardapp)
2018-03-12 17:56:05,288 INFO (SpringApplication.java:593)- No active profile set, falling back to default profiles: default
2018-03-12 17:56:05,389 INFO (DirectJDKLog.java:180)- Starting service [Tomcat]
2018-03-12 17:56:05,393 INFO (DirectJDKLog.java:180)- Starting Servlet Engine: Apache Tomcat/8.5.27
2018-03-12 17:56:05,464 INFO (DirectJDKLog.java:180)- Initializing Spring embedded WebApplicationContext
2018-03-12 17:56:06,204 INFO (Version.java:30)- HV000001: Hibernate Validator 5.3.6.Final
2018-03-12 17:56:08,174 INFO (DirectJDKLog.java:180)- Initializing ProtocolHandler ["http-nio-8080"]
2018-03-12 17:56:08,174 INFO (DirectJDKLog.java:180)- Starting ProtocolHandler ["http-nio-8080"]
2018-03-12 17:56:08,175 INFO (DirectJDKLog.java:180)- Using a shared selector for servlet write/read
2018-03-12 17:56:08,184 INFO (StartupInfoLogger.java:57)- Started CardAppApplication in 4.709 seconds (JVM running for 4633.117)
2018-03-12 17:56:11,844 INFO (StartupInfoLogger.java:57)- Started CardAppApplicationTests in 7.518 seconds (JVM running for 8.761)
2018-03-12 17:59:54,979 ERROR (LoggingApplicationListener.java:365)- Cannot set level: true for 'com.jd.cardapp.dao'
2018-03-12 17:59:55,096 INFO (StartupInfoLogger.java:48)- Starting CardAppApplicationTests on PC-20171205FOMO with PID 10460 (started by Administrator in E:\Project\IntelliJ1\cardapp)
2018-03-12 17:59:55,097 INFO (SpringApplication.java:593)- No active profile set, falling back to default profiles: default
2018-03-12 17:59:55,370 ERROR (LoggingApplicationListener.java:365)- Cannot set level: true for 'com.jd.cardapp.dao'
2018-03-12 17:59:55,375 INFO (StartupInfoLogger.java:48)- Starting CardAppApplication on PC-20171205FOMO with PID 336 (E:\Project\Intellij1\cardapp\target\classes started by Administrator in E:\Project\Intellij1\cardapp)
2018-03-12 17:59:55,375 INFO (SpringApplication.java:593)- No active profile set, falling back to default profiles: default
2018-03-12 17:59:55,637 INFO (Version.java:30)- HV000001: Hibernate Validator 5.3.6.Final
2018-03-12 17:59:56,863 INFO (DirectJDKLog.java:180)- Starting service [Tomcat]
2018-03-12 17:59:56,863 INFO (DirectJDKLog.java:180)- Starting Servlet Engine: Apache Tomcat/8.5.27
2018-03-12 17:59:56,974 INFO (DirectJDKLog.java:180)- Initializing Spring embedded WebApplicationContext
2018-03-12 17:59:58,769 INFO (DirectJDKLog.java:180)- Initializing ProtocolHandler ["http-nio-8080"]
2018-03-12 17:59:58,770 INFO (DirectJDKLog.java:180)- Starting ProtocolHandler ["http-nio-8080"]
2018-03-12 17:59:58,771 INFO (DirectJDKLog.java:180)- Using a shared selector for servlet write/read
2018-03-12 17:59:59,137 INFO (StartupInfoLogger.java:57)- Started CardAppApplication in 3.818 seconds (JVM running for 4864.07)
2018-03-12 18:00:00,932 INFO (StartupInfoLogger.java:57)- Started CardAppApplicationTests in 6.945 seconds (JVM running for 8.022)
2018-03-12 18:03:44,255 ERROR (LoggingApplicationListener.java:365)- Cannot set level: true for 'com.jd.cardapp.dao'
2018-03-12 18:03:44,384 INFO (StartupInfoLogger.java:48)- Starting CardAppApplicationTests on PC-20171205FOMO with PID 12012 (started by Administrator in E:\Project\IntelliJ1\cardapp)
2018-03-12 18:03:44,384 INFO (SpringApplication.java:593)- No active profile set, falling back to default profiles: default
2018-03-12 18:03:44,866 INFO (Version.java:30)- HV000001: Hibernate Validator 5.3.6.Final
2018-03-12 18:03:51,823 INFO (StartupInfoLogger.java:57)- Started CardAppApplicationTests in 8.608 seconds (JVM running for 9.597)
2018-03-12 18:05:09,708 ERROR (LoggingApplicationListener.java:365)- Cannot set level: true for 'com.jd.cardapp.dao'
2018-03-12 18:05:09,856 INFO (StartupInfoLogger.java:48)- Starting CardAppApplicationTests on PC-20171205FOMO with PID 2264 (started by Administrator in E:\Project\IntelliJ1\cardapp)
2018-03-12 18:05:09,857 INFO (SpringApplication.java:593)- No active profile set, falling back to default profiles: default
2018-03-12 18:05:10,074 ERROR (LoggingApplicationListener.java:365)- Cannot set level: true for 'com.jd.cardapp.dao'
2018-03-12 18:05:10,080 INFO (StartupInfoLogger.java:48)- Starting CardAppApplication on PC-20171205FOMO with PID 336 (E:\Project\Intellij1\cardapp\target\classes started by Administrator in E:\Project\Intellij1\cardapp)
2018-03-12 18:05:10,080 INFO (SpringApplication.java:593)- No active profile set, falling back to default profiles: default
2018-03-12 18:05:10,288 INFO (Version.java:30)- HV000001: Hibernate Validator 5.3.6.Final
2018-03-12 18:05:11,437 INFO (DirectJDKLog.java:180)- Starting service [Tomcat]
2018-03-12 18:05:11,438 INFO (DirectJDKLog.java:180)- Starting Servlet Engine: Apache Tomcat/8.5.27
2018-03-12 18:05:11,454 INFO (DirectJDKLog.java:180)- Initializing Spring embedded WebApplicationContext
2018-03-12 18:05:12,934 INFO (DirectJDKLog.java:180)- Initializing ProtocolHandler ["http-nio-8080"]
2018-03-12 18:05:12,935 INFO (DirectJDKLog.java:180)- Starting ProtocolHandler ["http-nio-8080"]
2018-03-12 18:05:12,936 INFO (DirectJDKLog.java:180)- Using a shared selector for servlet write/read
2018-03-12 18:05:13,060 INFO (StartupInfoLogger.java:57)- Started CardAppApplication in 3.032 seconds (JVM running for 5177.993)
2018-03-12 18:05:14,807 INFO (StartupInfoLogger.java:57)- Started CardAppApplicationTests in 6.111 seconds (JVM running for 6.804)
2018-03-12 18:09:11,193 ERROR (LoggingApplicationListener.java:365)- Cannot set level: true for 'com.jd.cardapp.dao'
2018-03-12 18:09:11,269 ERROR (LoggingApplicationListener.java:365)- Cannot set level: true for 'com.jd.cardapp.dao'
2018-03-12 18:09:11,275 INFO (StartupInfoLogger.java:48)- Starting CardAppApplication on PC-20171205FOMO with PID 336 (E:\Project\Intellij1\cardapp\target\classes started by Administrator in E:\Project\Intellij1\cardapp)
2018-03-12 18:09:11,275 INFO (SpringApplication.java:593)- No active profile set, falling back to default profiles: default
2018-03-12 18:09:11,306 INFO (StartupInfoLogger.java:48)- Starting CardAppApplicationTests on PC-20171205FOMO with PID 8736 (started by Administrator in E:\Project\IntelliJ1\cardapp)
2018-03-12 18:09:11,307 INFO (SpringApplication.java:593)- No active profile set, falling back to default profiles: default
2018-03-12 18:09:11,733 INFO (Version.java:30)- HV000001: Hibernate Validator 5.3.6.Final
2018-03-12 18:09:12,373 INFO (DirectJDKLog.java:180)- Starting service [Tomcat]
2018-03-12 18:09:12,373 INFO (DirectJDKLog.java:180)- Starting Servlet Engine: Apache Tomcat/8.5.27
2018-03-12 18:09:12,649 INFO (DirectJDKLog.java:180)- Initializing Spring embedded WebApplicationContext
2018-03-12 18:09:15,066 INFO (DirectJDKLog.java:180)- Initializing ProtocolHandler ["http-nio-8080"]
2018-03-12 18:09:15,067 INFO (DirectJDKLog.java:180)- Starting ProtocolHandler ["http-nio-8080"]
2018-03-12 18:09:15,068 INFO (DirectJDKLog.java:180)- Using a shared selector for servlet write/read
2018-03-12 18:09:15,123 INFO (StartupInfoLogger.java:57)- Started CardAppApplication in 3.913 seconds (JVM running for 5420.057)
2018-03-12 18:09:17,709 INFO (StartupInfoLogger.java:57)- Started CardAppApplicationTests in 7.745 seconds (JVM running for 8.608)
2018-03-12 18:11:35,236 ERROR (LoggingApplicationListener.java:365)- Cannot set level: true for 'com.jd.cardapp.dao'
2018-03-12 18:11:35,450 INFO (StartupInfoLogger.java:48)- Starting CardAppApplicationTests on PC-20171205FOMO with PID 12212 (started by Administrator in E:\Project\IntelliJ1\cardapp)
2018-03-12 18:11:35,451 INFO (SpringApplication.java:593)- No active profile set, falling back to default profiles: default
2018-03-12 18:11:35,721 ERROR (LoggingApplicationListener.java:365)- Cannot set level: true for 'com.jd.cardapp.dao'
2018-03-12 18:11:35,725 INFO (StartupInfoLogger.java:48)- Starting CardAppApplication on PC-20171205FOMO with PID 336 (E:\Project\Intellij1\cardapp\target\classes started by Administrator in E:\Project\Intellij1\cardapp)
2018-03-12 18:11:35,726 INFO (SpringApplication.java:593)- No active profile set, falling back to default profiles: default
2018-03-12 18:11:35,808 INFO (Version.java:30)- HV000001: Hibernate Validator 5.3.6.Final
2018-03-12 18:11:36,678 INFO (DirectJDKLog.java:180)- Starting service [Tomcat]
2018-03-12 18:11:36,678 INFO (DirectJDKLog.java:180)- Starting Servlet Engine: Apache Tomcat/8.5.27
2018-03-12 18:11:36,771 INFO (DirectJDKLog.java:180)- Initializing Spring embedded WebApplicationContext
2018-03-12 18:11:38,935 INFO (DirectJDKLog.java:180)- Initializing ProtocolHandler ["http-nio-8080"]
2018-03-12 18:11:38,936 INFO (DirectJDKLog.java:180)- Starting ProtocolHandler ["http-nio-8080"]
2018-03-12 18:11:38,936 INFO (DirectJDKLog.java:180)- Using a shared selector for servlet write/read
2018-03-12 18:11:38,947 INFO (StartupInfoLogger.java:57)- Started CardAppApplication in 3.358 seconds (JVM running for 5563.881)
2018-03-12 18:11:42,174 INFO (StartupInfoLogger.java:57)- Started CardAppApplicationTests in 7.801 seconds (JVM running for 8.667)
2018-03-12 18:13:04,816 ERROR (LoggingApplicationListener.java:365)- Cannot set level: true for 'com.jd.cardapp.dao'
2018-03-12 18:13:04,819 ERROR (LoggingApplicationListener.java:365)- Cannot set level: true for 'com.jd.cardapp.dao'
2018-03-12 18:13:04,824 INFO (StartupInfoLogger.java:48)- Starting CardAppApplication on PC-20171205FOMO with PID 336 (E:\Project\Intellij1\cardapp\target\classes started by Administrator in E:\Project\Intellij1\cardapp)
2018-03-12 18:13:04,824 INFO (SpringApplication.java:593)- No active profile set, falling back to default profiles: default
2018-03-12 18:13:04,901 INFO (StartupInfoLogger.java:48)- Starting CardAppApplicationTests on PC-20171205FOMO with PID 9432 (started by Administrator in E:\Project\IntelliJ1\cardapp)
2018-03-12 18:13:04,902 INFO (SpringApplication.java:593)- No active profile set, falling back to default profiles: default
2018-03-12 18:13:05,325 INFO (Version.java:30)- HV000001: Hibernate Validator 5.3.6.Final
2018-03-12 18:13:06,001 INFO (DirectJDKLog.java:180)- Starting service [Tomcat]
2018-03-12 18:13:06,002 INFO (DirectJDKLog.java:180)- Starting Servlet Engine: Apache Tomcat/8.5.27
2018-03-12 18:13:06,272 INFO (DirectJDKLog.java:180)- Initializing Spring embedded WebApplicationContext
2018-03-12 18:13:08,751 INFO (DirectJDKLog.java:180)- Initializing ProtocolHandler ["http-nio-8080"]
2018-03-12 18:13:08,752 INFO (DirectJDKLog.java:180)- Starting ProtocolHandler ["http-nio-8080"]
2018-03-12 18:13:08,753 INFO (DirectJDKLog.java:180)- Using a shared selector for servlet write/read
2018-03-12 18:13:08,837 INFO (StartupInfoLogger.java:57)- Started CardAppApplication in 4.063 seconds (JVM running for 5653.77)
2018-03-12 18:13:11,272 INFO (StartupInfoLogger.java:57)- Started CardAppApplicationTests in 7.163 seconds (JVM running for 8.589)
2018-03-12 18:13:45,924 ERROR (LoggingApplicationListener.java:365)- Cannot set level: true for 'com.jd.cardapp.dao'
2018-03-12 18:13:46,042 INFO (StartupInfoLogger.java:48)- Starting CardAppApplicationTests on PC-20171205FOMO with PID 11544 (started by Administrator in E:\Project\IntelliJ1\cardapp)
2018-03-12 18:13:46,042 INFO (SpringApplication.java:593)- No active profile set, falling back to default profiles: default
2018-03-12 18:13:46,434 INFO (Version.java:30)- HV000001: Hibernate Validator 5.3.6.Final
2018-03-12 18:13:51,686 INFO (StartupInfoLogger.java:57)- Started CardAppApplicationTests in 6.408 seconds (JVM running for 7.702)
2018-03-12 18:17:27,032 ERROR (LoggingApplicationListener.java:365)- Cannot set level: true for 'com.jd.cardapp.dao'
2018-03-12 18:17:27,036 INFO (StartupInfoLogger.java:48)- Starting CardAppApplication on PC-20171205FOMO with PID 336 (E:\Project\Intellij1\cardapp\target\classes started by Administrator in E:\Project\Intellij1\cardapp)
2018-03-12 18:17:27,036 INFO (SpringApplication.java:593)- No active profile set, falling back to default profiles: default
2018-03-12 18:17:29,161 ERROR (LoggingApplicationListener.java:365)- Cannot set level: true for 'com.jd.cardapp.dao'
2018-03-12 18:17:29,329 INFO (StartupInfoLogger.java:48)- Starting CardAppApplicationTests on PC-20171205FOMO with PID 11148 (started by Administrator in E:\Project\IntelliJ1\cardapp)
2018-03-12 18:17:29,330 INFO (SpringApplication.java:593)- No active profile set, falling back to default profiles: default
2018-03-12 18:17:29,544 INFO (DirectJDKLog.java:180)- Starting service [Tomcat]
2018-03-12 18:17:29,546 INFO (DirectJDKLog.java:180)- Starting Servlet Engine: Apache Tomcat/8.5.27
2018-03-12 18:17:29,583 INFO (DirectJDKLog.java:180)- Initializing Spring embedded WebApplicationContext
2018-03-12 18:17:30,007 INFO (Version.java:30)- HV000001: Hibernate Validator 5.3.6.Final
2018-03-12 18:17:31,867 INFO (DirectJDKLog.java:180)- Initializing ProtocolHandler ["http-nio-8080"]
2018-03-12 18:17:31,868 INFO (DirectJDKLog.java:180)- Starting ProtocolHandler ["http-nio-8080"]
2018-03-12 18:17:31,868 INFO (DirectJDKLog.java:180)- Using a shared selector for servlet write/read
2018-03-12 18:17:31,873 INFO (StartupInfoLogger.java:57)- Started CardAppApplication in 4.957 seconds (JVM running for 5916.806)
2018-03-12 18:17:35,468 INFO (StartupInfoLogger.java:57)- Started CardAppApplicationTests in 7.18 seconds (JVM running for 8.236)
2018-03-12 18:22:32,073 ERROR (LoggingApplicationListener.java:365)- Cannot set level: true for 'com.jd.cardapp.dao'
2018-03-12 18:22:32,169 INFO (StartupInfoLogger.java:48)- Starting CardAppApplicationTests on PC-20171205FOMO with PID 11504 (started by Administrator in E:\Project\IntelliJ1\cardapp)
2018-03-12 18:22:32,170 INFO (SpringApplication.java:593)- No active profile set, falling back to default profiles: default
2018-03-12 18:22:32,616 INFO (Version.java:30)- HV000001: Hibernate Validator 5.3.6.Final
2018-03-12 18:22:37,119 INFO (StartupInfoLogger.java:57)- Started CardAppApplicationTests in 6.114 seconds (JVM running for 6.891)
2018-03-12 18:24:08,302 ERROR (LoggingApplicationListener.java:365)- Cannot set level: true for 'com.jd.cardapp.dao'
2018-03-12 18:24:08,375 INFO (StartupInfoLogger.java:48)- Starting CardAppApplicationTests on PC-20171205FOMO with PID 11232 (started by Administrator in E:\Project\IntelliJ1\cardapp)
2018-03-12 18:24:08,376 INFO (SpringApplication.java:593)- No active profile set, falling back to default profiles: default
2018-03-12 18:24:08,539 ERROR (LoggingApplicationListener.java:365)- Cannot set level: true for 'com.jd.cardapp.dao'
2018-03-12 18:24:08,549 INFO (StartupInfoLogger.java:48)- Starting CardAppApplication on PC-20171205FOMO with PID 336 (E:\Project\Intellij1\cardapp\target\classes started by Administrator in E:\Project\Intellij1\cardapp)
2018-03-12 18:24:08,550 INFO (SpringApplication.java:593)- No active profile set, falling back to default profiles: default
2018-03-12 18:24:09,029 INFO (Version.java:30)- HV000001: Hibernate Validator 5.3.6.Final
2018-03-12 18:24:09,893 INFO (DirectJDKLog.java:180)- Starting service [Tomcat]
2018-03-12 18:24:09,893 INFO (DirectJDKLog.java:180)- Starting Servlet Engine: Apache Tomcat/8.5.27
2018-03-12 18:24:09,910 INFO (DirectJDKLog.java:180)- Initializing Spring embedded WebApplicationContext
2018-03-12 18:24:11,879 INFO (DirectJDKLog.java:180)- Initializing ProtocolHandler ["http-nio-8080"]
2018-03-12 18:24:11,883 INFO (DirectJDKLog.java:180)- Starting ProtocolHandler ["http-nio-8080"]
2018-03-12 18:24:11,884 INFO (DirectJDKLog.java:180)- Using a shared selector for servlet write/read
2018-03-12 18:24:12,044 INFO (StartupInfoLogger.java:57)- Started CardAppApplication in 3.616 seconds (JVM running for 6316.977)
2018-03-12 18:24:14,452 INFO (StartupInfoLogger.java:57)- Started CardAppApplicationTests in 7.093 seconds (JVM running for 8.039)
2018-03-12 18:27:53,488 ERROR (LoggingApplicationListener.java:365)- Cannot set level: true for 'com.jd.cardapp.dao'
2018-03-12 18:27:53,494 INFO (StartupInfoLogger.java:48)- Starting CardAppApplication on PC-20171205FOMO with PID 336 (E:\Project\Intellij1\cardapp\target\classes started by Administrator in E:\Project\Intellij1\cardapp)
2018-03-12 18:27:53,494 INFO (SpringApplication.java:593)- No active profile set, falling back to default profiles: default
2018-03-12 18:27:53,594 ERROR (LoggingApplicationListener.java:365)- Cannot set level: true for 'com.jd.cardapp.dao'
2018-03-12 18:27:53,671 INFO (StartupInfoLogger.java:48)- Starting CardAppApplicationTests on PC-20171205FOMO with PID 1608 (started by Administrator in E:\Project\IntelliJ1\cardapp)
2018-03-12 18:27:53,672 INFO (SpringApplication.java:593)- No active profile set, falling back to default profiles: default
2018-03-12 18:27:54,255 INFO (Version.java:30)- HV000001: Hibernate Validator 5.3.6.Final
2018-03-12 18:27:55,419 INFO (DirectJDKLog.java:180)- Starting service [Tomcat]
2018-03-12 18:27:55,419 INFO (DirectJDKLog.java:180)- Starting Servlet Engine: Apache Tomcat/8.5.27
2018-03-12 18:27:55,515 INFO (DirectJDKLog.java:180)- Initializing Spring embedded WebApplicationContext
2018-03-12 18:27:57,693 INFO (DirectJDKLog.java:180)- Initializing ProtocolHandler ["http-nio-8080"]
2018-03-12 18:27:57,697 INFO (DirectJDKLog.java:180)- Starting ProtocolHandler ["http-nio-8080"]
2018-03-12 18:27:57,698 INFO (DirectJDKLog.java:180)- Using a shared selector for servlet write/read
2018-03-12 18:27:57,812 INFO (StartupInfoLogger.java:57)- Started CardAppApplication in 4.363 seconds (JVM running for 6542.746)
2018-03-12 18:27:59,471 INFO (StartupInfoLogger.java:57)- Started CardAppApplicationTests in 6.735 seconds (JVM running for 8.215)
2018-03-12 18:29:52,591 ERROR (LoggingApplicationListener.java:365)- Cannot set level: true for 'com.jd.cardapp.dao'
2018-03-12 18:29:52,645 INFO (StartupInfoLogger.java:48)- Starting CardAppApplication on PC-20171205FOMO with PID 336 (E:\Project\Intellij1\cardapp\target\classes started by Administrator in E:\Project\Intellij1\cardapp)
2018-03-12 18:29:52,645 INFO (SpringApplication.java:593)- No active profile set, falling back to default profiles: default
2018-03-12 18:29:54,258 ERROR (LoggingApplicationListener.java:365)- Cannot set level: true for 'com.jd.cardapp.dao'
2018-03-12 18:29:54,373 INFO (StartupInfoLogger.java:48)- Starting CardAppApplicationTests on PC-20171205FOMO with PID 2816 (started by Administrator in E:\Project\IntelliJ1\cardapp)
2018-03-12 18:29:54,374 INFO (SpringApplication.java:593)- No active profile set, falling back to default profiles: default
2018-03-12 18:29:54,475 INFO (DirectJDKLog.java:180)- Starting service [Tomcat]
2018-03-12 18:29:54,476 INFO (DirectJDKLog.java:180)- Starting Servlet Engine: Apache Tomcat/8.5.27
2018-03-12 18:29:54,618 INFO (DirectJDKLog.java:180)- Initializing Spring embedded WebApplicationContext
2018-03-12 18:29:54,949 INFO (Version.java:30)- HV000001: Hibernate Validator 5.3.6.Final
2018-03-12 18:29:56,795 INFO (DirectJDKLog.java:180)- Initializing ProtocolHandler ["http-nio-8080"]
2018-03-12 18:29:56,796 INFO (DirectJDKLog.java:180)- Starting ProtocolHandler ["http-nio-8080"]
2018-03-12 18:29:56,796 INFO (DirectJDKLog.java:180)- Using a shared selector for servlet write/read
2018-03-12 18:29:56,804 INFO (StartupInfoLogger.java:57)- Started CardAppApplication in 4.25 seconds (JVM running for 6661.737)
2018-03-12 18:30:00,074 INFO (StartupInfoLogger.java:57)- Started CardAppApplicationTests in 6.943 seconds (JVM running for 8.033)
2018-03-12 18:31:16,593 ERROR (LoggingApplicationListener.java:365)- Cannot set level: true for 'com.jd.cardapp.dao'
2018-03-12 18:31:16,686 INFO (StartupInfoLogger.java:48)- Starting CardAppApplicationTests on PC-20171205FOMO with PID 5196 (started by Administrator in E:\Project\IntelliJ1\cardapp)
2018-03-12 18:31:16,687 INFO (SpringApplication.java:593)- No active profile set, falling back to default profiles: default
2018-03-12 18:31:16,838 ERROR (LoggingApplicationListener.java:365)- Cannot set level: true for 'com.jd.cardapp.dao'
2018-03-12 18:31:16,844 INFO (StartupInfoLogger.java:48)- Starting CardAppApplication on PC-20171205FOMO with PID 336 (E:\Project\Intellij1\cardapp\target\classes started by Administrator in E:\Project\Intellij1\cardapp)
2018-03-12 18:31:16,845 INFO (SpringApplication.java:593)- No active profile set, falling back to default profiles: default
2018-03-12 18:31:17,198 INFO (Version.java:30)- HV000001: Hibernate Validator 5.3.6.Final
2018-03-12 18:31:18,217 INFO (DirectJDKLog.java:180)- Starting service [Tomcat]
2018-03-12 18:31:18,217 INFO (DirectJDKLog.java:180)- Starting Servlet Engine: Apache Tomcat/8.5.27
2018-03-12 18:31:18,413 INFO (DirectJDKLog.java:180)- Initializing Spring embedded WebApplicationContext
2018-03-12 18:31:20,124 INFO (DirectJDKLog.java:180)- Initializing ProtocolHandler ["http-nio-8080"]
2018-03-12 18:31:20,125 INFO (DirectJDKLog.java:180)- Starting ProtocolHandler ["http-nio-8080"]
2018-03-12 18:31:20,126 INFO (DirectJDKLog.java:180)- Using a shared selector for servlet write/read
2018-03-12 18:31:20,129 INFO (StartupInfoLogger.java:57)- Started CardAppApplication in 3.336 seconds (JVM running for 6745.063)
2018-03-12 18:31:22,377 INFO (StartupInfoLogger.java:57)- Started CardAppApplicationTests in 6.792 seconds (JVM running for 7.944)
2018-03-12 18:32:13,234 ERROR (LoggingApplicationListener.java:365)- Cannot set level: true for 'com.jd.cardapp.dao'
2018-03-12 18:32:13,360 INFO (StartupInfoLogger.java:48)- Starting CardAppApplicationTests on PC-20171205FOMO with PID 9948 (started by Administrator in E:\Project\IntelliJ1\cardapp)
2018-03-12 18:32:13,360 INFO (SpringApplication.java:593)- No active profile set, falling back to default profiles: default
2018-03-12 18:32:13,824 ERROR (LoggingApplicationListener.java:365)- Cannot set level: true for 'com.jd.cardapp.dao'
2018-03-12 18:32:13,829 INFO (StartupInfoLogger.java:48)- Starting CardAppApplication on PC-20171205FOMO with PID 336 (E:\Project\Intellij1\cardapp\target\classes started by Administrator in E:\Project\Intellij1\cardapp)
2018-03-12 18:32:13,830 INFO (SpringApplication.java:593)- No active profile set, falling back to default profiles: default
2018-03-12 18:32:13,864 INFO (Version.java:30)- HV000001: Hibernate Validator 5.3.6.Final
2018-03-12 18:32:15,143 INFO (DirectJDKLog.java:180)- Starting service [Tomcat]
2018-03-12 18:32:15,143 INFO (DirectJDKLog.java:180)- Starting Servlet Engine: Apache Tomcat/8.5.27
2018-03-12 18:32:15,307 INFO (DirectJDKLog.java:180)- Initializing Spring embedded WebApplicationContext
2018-03-12 18:32:17,194 INFO (DirectJDKLog.java:180)- Initializing ProtocolHandler ["http-nio-8080"]
2018-03-12 18:32:17,195 INFO (DirectJDKLog.java:180)- Starting ProtocolHandler ["http-nio-8080"]
2018-03-12 18:32:17,197 INFO (DirectJDKLog.java:180)- Using a shared selector for servlet write/read
2018-03-12 18:32:17,322 INFO (StartupInfoLogger.java:57)- Started CardAppApplication in 3.749 seconds (JVM running for 6802.256)
2018-03-12 18:32:19,367 INFO (StartupInfoLogger.java:57)- Started CardAppApplicationTests in 7.14 seconds (JVM running for 8.087)
2018-03-12 18:38:25,423 ERROR (LoggingApplicationListener.java:365)- Cannot set level: true for 'com.jd.cardapp.dao'
2018-03-12 18:38:25,428 ERROR (LoggingApplicationListener.java:365)- Cannot set level: true for 'com.jd.cardapp.dao'
2018-03-12 18:38:25,429 INFO (StartupInfoLogger.java:48)- Starting CardAppApplication on PC-20171205FOMO with PID 336 (E:\Project\Intellij1\cardapp\target\classes started by Administrator in E:\Project\Intellij1\cardapp)
2018-03-12 18:38:25,429 INFO (SpringApplication.java:593)- No active profile set, falling back to default profiles: default
2018-03-12 18:38:25,535 INFO (StartupInfoLogger.java:48)- Starting CardAppApplicationTests on PC-20171205FOMO with PID 10500 (started by Administrator in E:\Project\IntelliJ1\cardapp)
2018-03-12 18:38:25,535 INFO (SpringApplication.java:593)- No active profile set, falling back to default profiles: default
2018-03-12 18:38:26,028 INFO (Version.java:30)- HV000001: Hibernate Validator 5.3.6.Final
2018-03-12 18:38:27,083 INFO (DirectJDKLog.java:180)- Starting service [Tomcat]
2018-03-12 18:38:27,083 INFO (DirectJDKLog.java:180)- Starting Servlet Engine: Apache Tomcat/8.5.27
2018-03-12 18:38:27,099 INFO (DirectJDKLog.java:180)- Initializing Spring embedded WebApplicationContext
2018-03-12 18:38:29,452 INFO (DirectJDKLog.java:180)- Initializing ProtocolHandler ["http-nio-8080"]
2018-03-12 18:38:29,452 INFO (DirectJDKLog.java:180)- Starting ProtocolHandler ["http-nio-8080"]
2018-03-12 18:38:29,453 INFO (DirectJDKLog.java:180)- Using a shared selector for servlet write/read
2018-03-12 18:38:29,935 INFO (StartupInfoLogger.java:57)- Started CardAppApplication in 4.559 seconds (JVM running for 7174.868)
2018-03-12 18:38:31,427 INFO (StartupInfoLogger.java:57)- Started CardAppApplicationTests in 6.912 seconds (JVM running for 8.235)
